{"logTime": "1223/082024", "correlationVector":"6JC5/KIxuiXb6iEHg44yP+.46","action":"GetUpdates", "result":"DeleteReceived", "context":{"id":"d8285176-06f8-41bb-ada5-aaa8eabe55aa", "isDeleted:":"true", "version":"1734501708311"}}
{"logTime": "1223/082024", "correlationVector":"6JC5/KIxuiXb6iEHg44yP+.47","action":"GetUpdates", "result":"DeleteReceived", "context":{"id":"0f41a65c-fa45-43fe-8f5b-abaff6a0fa26", "isDeleted:":"true", "version":"1734503832301"}}
{"logTime": "1223/082024", "correlationVector":"6JC5/KIxuiXb6iEHg44yP+.48","action":"GetUpdates", "result":"DeleteReceived", "context":{"id":"9cbbd902-26b0-4533-ba8e-77f9b2b32c5e", "isDeleted:":"true", "version":"1734504457262"}}
{"logTime": "1223/082024", "correlationVector":"6JC5/KIxuiXb6iEHg44yP+.49","action":"GetUpdates", "result":"DeleteReceived", "context":{"id":"4e03afa7-ece9-4f9b-bf71-1b3a08dde09a", "isDeleted:":"true", "version":"1734504745885"}}
{"logTime": "1223/082024", "correlationVector":"6JC5/KIxuiXb6iEHg44yP+.50","action":"GetUpdates", "result":"DeleteReceived", "context":{"id":"3b3ba198-09b4-4c75-a827-17028357bd8d", "isDeleted:":"true", "version":"1734506147633"}}
{"logTime": "1223/082024", "correlationVector":"6JC5/KIxuiXb6iEHg44yP+.51","action":"GetUpdates", "result":"DeleteReceived", "context":{"id":"77b7c0ef-4b0a-4879-96ea-cb40fc92bcbb", "isDeleted:":"true", "version":"1734506722541"}}
{"logTime": "1223/082024", "correlationVector":"6JC5/KIxuiXb6iEHg44yP+.52","action":"GetUpdates", "result":"DeleteReceived", "context":{"id":"8b774c72-c773-4234-a495-018d413794e7", "isDeleted:":"true", "version":"1734507935574"}}
{"logTime": "1223/082024", "correlationVector":"6JC5/KIxuiXb6iEHg44yP+.53","action":"GetUpdates", "result":"DeleteReceived", "context":{"id":"546e50d3-db65-4557-9ab3-30ed96269ed8", "isDeleted:":"true", "version":"1734508577997"}}
{"logTime": "1223/082024", "correlationVector":"6JC5/KIxuiXb6iEHg44yP+.54","action":"GetUpdates", "result":"DeleteReceived", "context":{"id":"62ed4ac5-3a0a-4d2e-ba54-b0595a6b2f51", "isDeleted:":"true", "version":"1734509585736"}}
{"logTime": "1223/082024", "correlationVector":"6JC5/KIxuiXb6iEHg44yP+.55","action":"GetUpdates", "result":"DeleteReceived", "context":{"id":"19c2fa1f-79d5-4f90-8f8a-df97993801ab", "isDeleted:":"true", "version":"1734509585737"}}
{"logTime": "1223/082024", "correlationVector":"6JC5/KIxuiXb6iEHg44yP+.56","action":"GetUpdates", "result":"DeleteReceived", "context":{"id":"62ee57d9-c028-43dc-ba43-24cef8ca5656", "isDeleted:":"true", "version":"1734509585738"}}
{"logTime": "1223/082024", "correlationVector":"6JC5/KIxuiXb6iEHg44yP+.57","action":"GetUpdates", "result":"DeleteReceived", "context":{"id":"82fb8121-5e35-4533-8bcd-10c342eb5459", "isDeleted:":"true", "version":"1734511585738"}}
{"logTime": "1223/082024", "correlationVector":"6JC5/KIxuiXb6iEHg44yP+.58","action":"GetUpdates", "result":"DeleteReceived", "context":{"id":"64383782-2573-43cf-bbde-9550df503b53", "isDeleted:":"true", "version":"1734512255284"}}
{"logTime": "1223/082024", "correlationVector":"6JC5/KIxuiXb6iEHg44yP+.59","action":"GetUpdates", "result":"DeleteReceived", "context":{"id":"c9b2acf9-ee1f-42f9-81a2-a28148e38bf1", "isDeleted:":"true", "version":"1734512305788"}}
{"logTime": "1223/082024", "correlationVector":"6JC5/KIxuiXb6iEHg44yP+.60","action":"GetUpdates", "result":"DeleteReceived", "context":{"id":"b3ff14f2-e002-4bb3-b9b9-47011691fded", "isDeleted:":"true", "version":"1734512839800"}}
{"logTime": "1223/082024", "correlationVector":"6JC5/KIxuiXb6iEHg44yP+.61","action":"GetUpdates", "result":"DeleteReceived", "context":{"id":"f8c548d0-92e5-4106-b2b1-1437588d0993", "isDeleted:":"true", "version":"1734512839801"}}
{"logTime": "1223/082024", "correlationVector":"6JC5/KIxuiXb6iEHg44yP+.62","action":"GetUpdates", "result":"DeleteReceived", "context":{"id":"ae3914ab-d773-4572-952d-2a66fa8ca37f", "isDeleted:":"true", "version":"1734516112499"}}
{"logTime": "1223/082024", "correlationVector":"6JC5/KIxuiXb6iEHg44yP+.63","action":"GetUpdates", "result":"DeleteReceived", "context":{"id":"ee81b588-59d4-4f27-ad38-2180d94d5fc0", "isDeleted:":"true", "version":"1734520292587"}}
{"logTime": "1223/082024", "correlationVector":"6JC5/KIxuiXb6iEHg44yP+.64","action":"GetUpdates", "result":"DeleteReceived", "context":{"id":"d55f515a-98de-4e29-b1bc-a304e7236eba", "isDeleted:":"true", "version":"1734520292588"}}
{"logTime": "1223/082024", "correlationVector":"6JC5/KIxuiXb6iEHg44yP+.65","action":"GetUpdates", "result":"DeleteReceived", "context":{"id":"e9aac4f4-b540-4859-8cb6-e79d62599c6e", "isDeleted:":"true", "version":"1734520292589"}}
{"logTime": "1223/082024", "correlationVector":"6JC5/KIxuiXb6iEHg44yP+.66","action":"GetUpdates", "result":"DeleteReceived", "context":{"id":"a12c5815-7dd8-4cde-a377-062051d4697a", "isDeleted:":"true", "version":"1734520292590"}}
{"logTime": "1223/082024", "correlationVector":"6JC5/KIxuiXb6iEHg44yP+.67","action":"GetUpdates", "result":"DeleteReceived", "context":{"id":"53c1cd14-ee39-4247-8b22-d7a9989694a6", "isDeleted:":"true", "version":"1734520292591"}}
{"logTime": "1223/082024", "correlationVector":"6JC5/KIxuiXb6iEHg44yP+.68","action":"GetUpdates", "result":"DeleteReceived", "context":{"id":"9b7e1b5b-d657-47c4-a546-e4d4a0577410", "isDeleted:":"true", "version":"1734520292593"}}
{"logTime": "1223/082024", "correlationVector":"6JC5/KIxuiXb6iEHg44yP+.69","action":"GetUpdates", "result":"DeleteReceived", "context":{"id":"5c1550cc-6625-4752-8db8-0072b67d3722", "isDeleted:":"true", "version":"1734524062400"}}
{"logTime": "1223/082024", "correlationVector":"6JC5/KIxuiXb6iEHg44yP+.70","action":"GetUpdates", "result":"DeleteReceived", "context":{"id":"f47153e9-9e52-43ad-9ad2-8327558bbeef", "isDeleted:":"true", "version":"1734524469288"}}
{"logTime": "1223/082024", "correlationVector":"6JC5/KIxuiXb6iEHg44yP+.71","action":"GetUpdates", "result":"DeleteReceived", "context":{"id":"9e5ab8dc-11d8-4718-93e2-aaf135d26954", "isDeleted:":"true", "version":"1734526758250"}}
{"logTime": "1223/082024", "correlationVector":"6JC5/KIxuiXb6iEHg44yP+.72","action":"GetUpdates", "result":"DeleteReceived", "context":{"id":"310942e5-1611-466c-8e4c-d1ceace916a9", "isDeleted:":"true", "version":"1734534661405"}}
{"logTime": "1223/082024", "correlationVector":"6JC5/KIxuiXb6iEHg44yP+.73","action":"GetUpdates", "result":"DeleteReceived", "context":{"id":"93a0968c-1bfd-43e0-a5c6-1f0dedd6bb67", "isDeleted:":"true", "version":"1734539559938"}}
{"logTime": "1223/082024", "correlationVector":"6JC5/KIxuiXb6iEHg44yP+.74","action":"GetUpdates", "result":"DeleteReceived", "context":{"id":"db43f43c-6221-4861-a271-0dfaf9481d0f", "isDeleted:":"true", "version":"1734551617067"}}
{"logTime": "1223/082024", "correlationVector":"6JC5/KIxuiXb6iEHg44yP+.75","action":"GetUpdates", "result":"DeleteReceived", "context":{"id":"9ac8bb1a-9c07-462d-b759-65925d24c586", "isDeleted:":"true", "version":"1734554073910"}}
{"logTime": "1223/082024", "correlationVector":"6JC5/KIxuiXb6iEHg44yP+.76","action":"GetUpdates", "result":"DeleteReceived", "context":{"id":"2c6d9601-10a7-4c08-b908-fd206c545b1e", "isDeleted:":"true", "version":"1734562872614"}}
{"logTime": "1223/082024", "correlationVector":"6JC5/KIxuiXb6iEHg44yP+.77","action":"GetUpdates", "result":"DeleteReceived", "context":{"id":"bb8d3494-6a41-44dc-adbb-e56ae8a00ec3", "isDeleted:":"true", "version":"1734562872615"}}
{"logTime": "1223/082024", "correlationVector":"6JC5/KIxuiXb6iEHg44yP+.78","action":"GetUpdates", "result":"DeleteReceived", "context":{"id":"2acb71fa-5b83-4a00-b964-4a957a57d0c7", "isDeleted:":"true", "version":"1734562872616"}}
{"logTime": "1223/082024", "correlationVector":"6JC5/KIxuiXb6iEHg44yP+.79","action":"GetUpdates", "result":"DeleteReceived", "context":{"id":"e9923987-2dd0-4f95-ab48-3daab7b61b28", "isDeleted:":"true", "version":"1734562872617"}}
{"logTime": "1223/082024", "correlationVector":"6JC5/KIxuiXb6iEHg44yP+.80","action":"GetUpdates", "result":"DeleteReceived", "context":{"id":"5c17b329-c450-4a91-b998-cb9781b89260", "isDeleted:":"true", "version":"1734562872618"}}
{"logTime": "1223/082024", "correlationVector":"6JC5/KIxuiXb6iEHg44yP+.81","action":"GetUpdates", "result":"DeleteReceived", "context":{"id":"505e8881-0fed-4b6a-b7f4-c33cd0175374", "isDeleted:":"true", "version":"1734562872619"}}
{"logTime": "1223/082024", "correlationVector":"6JC5/KIxuiXb6iEHg44yP+.82","action":"GetUpdates", "result":"DeleteReceived", "context":{"id":"05c39fb3-c480-46f2-af75-9794a34e0b12", "isDeleted:":"true", "version":"1734562872621"}}
{"logTime": "1223/082024", "correlationVector":"6JC5/KIxuiXb6iEHg44yP+.83","action":"GetUpdates", "result":"DeleteReceived", "context":{"id":"639dc881-c413-408a-a4b8-894279375b3c", "isDeleted:":"true", "version":"1734563906710"}}
{"logTime": "1223/082024", "correlationVector":"6JC5/KIxuiXb6iEHg44yP+.84","action":"GetUpdates", "result":"DeleteReceived", "context":{"id":"3b1d706b-978e-4ba9-9945-b2f49029c6e7", "isDeleted:":"true", "version":"1734567787448"}}
{"logTime": "1223/082024", "correlationVector":"6JC5/KIxuiXb6iEHg44yP+.85","action":"GetUpdates", "result":"DeleteReceived", "context":{"id":"bf06abcd-5c50-48ba-bff3-61d5596f1f2d", "isDeleted:":"true", "version":"1734570420930"}}
{"logTime": "1223/082024", "correlationVector":"6JC5/KIxuiXb6iEHg44yP+.86","action":"GetUpdates", "result":"DeleteReceived", "context":{"id":"d9819274-9583-4cd1-99c1-3a9970197163", "isDeleted:":"true", "version":"1734570871270"}}
{"logTime": "1223/082024", "correlationVector":"6JC5/KIxuiXb6iEHg44yP+.87","action":"GetUpdates", "result":"DeleteReceived", "context":{"id":"84e56c7a-6788-4f1d-a574-f24ed28d345a", "isDeleted:":"true", "version":"1734570871271"}}
{"logTime": "1223/082024", "correlationVector":"6JC5/KIxuiXb6iEHg44yP+.88","action":"GetUpdates", "result":"DeleteReceived", "context":{"id":"b8a168b0-445b-432f-8d01-8ce5a48db9f1", "isDeleted:":"true", "version":"1734570871272"}}
{"logTime": "1223/082024", "correlationVector":"6JC5/KIxuiXb6iEHg44yP+.89","action":"GetUpdates", "result":"DeleteReceived", "context":{"id":"ef1a4034-11ee-4fd3-9641-98ba3e9944f3", "isDeleted:":"true", "version":"1734570871274"}}
{"logTime": "1223/082024", "correlationVector":"6JC5/KIxuiXb6iEHg44yP+.90","action":"GetUpdates", "result":"DeleteReceived", "context":{"id":"90075a32-c1c4-45fa-9e34-8353d23306c0", "isDeleted:":"true", "version":"1734570871276"}}
{"logTime": "1223/082024", "correlationVector":"6JC5/KIxuiXb6iEHg44yP+.91","action":"GetUpdates", "result":"DeleteReceived", "context":{"id":"e24e67da-b467-48a5-a940-7f652186d4b5", "isDeleted:":"true", "version":"1734571631728"}}
{"logTime": "1223/082024", "correlationVector":"6JC5/KIxuiXb6iEHg44yP+.92","action":"GetUpdates", "result":"DeleteReceived", "context":{"id":"f9efeb97-0be6-49ba-956e-47d690ffbe4f", "isDeleted:":"true", "version":"1734571738301"}}
{"logTime": "1223/082024", "correlationVector":"6JC5/KIxuiXb6iEHg44yP+.93","action":"GetUpdates", "result":"DeleteReceived", "context":{"id":"e2cf3763-4226-4644-9d0c-df9bd95c95b7", "isDeleted:":"true", "version":"1734571894540"}}
{"logTime": "1223/082024", "correlationVector":"6JC5/KIxuiXb6iEHg44yP+.94","action":"GetUpdates", "result":"DeleteReceived", "context":{"id":"aae63638-474c-4b9a-a490-391336ac1148", "isDeleted:":"true", "version":"1734572156791"}}
{"logTime": "1223/082024", "correlationVector":"6JC5/KIxuiXb6iEHg44yP+.95","action":"GetUpdates", "result":"DeleteReceived", "context":{"id":"9d35010f-35cb-4e4a-bdfa-04126d1cf3d9", "isDeleted:":"true", "version":"1734572637789"}}
{"logTime": "1223/082024", "correlationVector":"6JC5/KIxuiXb6iEHg44yP+.96","action":"GetUpdates", "result":"DeleteReceived", "context":{"id":"ae10f374-a992-47c4-80db-cb6bc32c8714", "isDeleted:":"true", "version":"1734573103612"}}
{"logTime": "1223/082024", "correlationVector":"6JC5/KIxuiXb6iEHg44yP+.97","action":"GetUpdates", "result":"DeleteReceived", "context":{"id":"d78cfc13-c7f0-431d-ab1c-abc50aaccc64", "isDeleted:":"true", "version":"1734573214846"}}
{"logTime": "1223/082024", "correlationVector":"6JC5/KIxuiXb6iEHg44yP+.98","action":"GetUpdates", "result":"DeleteReceived", "context":{"id":"9f233e20-a96f-4e1b-927e-fa2e8a35ee0d", "isDeleted:":"true", "version":"1734573826815"}}
{"logTime": "1223/082024", "correlationVector":"6JC5/KIxuiXb6iEHg44yP+.99","action":"GetUpdates", "result":"DeleteReceived", "context":{"id":"2056209c-57c1-4f1b-808b-080afcf0cf15", "isDeleted:":"true", "version":"1734574246985"}}
{"logTime": "1223/082024", "correlationVector":"6JC5/KIxuiXb6iEHg44yP+.100","action":"GetUpdates", "result":"DeleteReceived", "context":{"id":"465eb6b0-b12d-4eb6-b71c-87eae5ddc5aa", "isDeleted:":"true", "version":"1734574246987"}}
{"logTime": "1223/082024", "correlationVector":"6JC5/KIxuiXb6iEHg44yP+.101","action":"GetUpdates", "result":"DeleteReceived", "context":{"id":"1626e8fb-2f14-47ce-bfc0-3809ac671dea", "isDeleted:":"true", "version":"1734574468839"}}
{"logTime": "1223/082024", "correlationVector":"6JC5/KIxuiXb6iEHg44yP+.102","action":"GetUpdates", "result":"DeleteReceived", "context":{"id":"3a472123-3d1a-40a8-85cd-caee2af7df15", "isDeleted:":"true", "version":"1734575392357"}}
{"logTime": "1223/082024", "correlationVector":"6JC5/KIxuiXb6iEHg44yP+.103","action":"GetUpdates", "result":"DeleteReceived", "context":{"id":"d4ee8a6c-4793-4114-9571-944a4ca46b05", "isDeleted:":"true", "version":"1734595770804"}}
{"logTime": "1223/082024", "correlationVector":"6JC5/KIxuiXb6iEHg44yP+.104","action":"GetUpdates", "result":"DeleteReceived", "context":{"id":"f99f6883-486b-484a-ac7f-dc4291420f40", "isDeleted:":"true", "version":"1734595770805"}}
{"logTime": "1223/082024", "correlationVector":"6JC5/KIxuiXb6iEHg44yP+.105","action":"GetUpdates", "result":"DeleteReceived", "context":{"id":"8ac26e10-e2d8-4f7c-8520-5d085e781535", "isDeleted:":"true", "version":"1734595770807"}}
{"logTime": "1223/082024", "correlationVector":"6JC5/KIxuiXb6iEHg44yP+.106","action":"GetUpdates Response", "result":"Success", "context":Received 250 update(s). cV=6JC5/KIxuiXb6iEHg44yP+.0;server=akswtt00300001s;cloudType=Consumer;environment=Prod_southeastasia_prod-s01-064-apac-southeastasia;migrationStage=NotStarted Some updates remain.}
{"logTime": "1223/082024", "correlationVector":"egu23HRIec6Anxk9cGOGv9","action":"Initial GetUpdates", "result":"", "context":Reason: NEWLY_SUPPORTED_DATATYPE. cV=egu23HRIec6Anxk9cGOGv9}
{"logTime": "1223/082024", "correlationVector":"egu23HRIec6Anxk9cGOGv9.1","action":"SyncServerConnectionManagerRequest", "result":"SYNC_SERVER_OK", "context":{"environment":"Prod_southeastasia_prod-s01-064-apac-southeastasia", "migrationStage":"NotStarted", "server":"akswtt003000017"}}
{"logTime": "1223/082024", "correlationVector":"egu23HRIec6Anxk9cGOGv9.2","action":"GetUpdates", "result":"DeleteReceived", "context":{"id":"bf19bdd9-d357-4de5-b89e-1461e51b3b72", "isDeleted:":"true", "version":"1734598683923"}}
{"logTime": "1223/082024", "correlationVector":"egu23HRIec6Anxk9cGOGv9.3","action":"GetUpdates", "result":"DeleteReceived", "context":{"id":"560ff705-ef1d-402a-991f-760708ce1d5f", "isDeleted:":"true", "version":"1734598850023"}}
{"logTime": "1223/082024", "correlationVector":"egu23HRIec6Anxk9cGOGv9.4","action":"GetUpdates", "result":"DeleteReceived", "context":{"id":"86b822bb-b009-4764-a072-65fbc494a276", "isDeleted:":"true", "version":"1734601118101"}}
{"logTime": "1223/082024", "correlationVector":"egu23HRIec6Anxk9cGOGv9.5","action":"GetUpdates", "result":"DeleteReceived", "context":{"id":"168ef45a-77a0-4ab2-b713-40d7da3af7af", "isDeleted:":"true", "version":"1734601518093"}}
{"logTime": "1223/082024", "correlationVector":"egu23HRIec6Anxk9cGOGv9.6","action":"GetUpdates", "result":"DeleteReceived", "context":{"id":"7eda529e-3072-41f9-94cb-2be5a66aff5b", "isDeleted:":"true", "version":"1734601518094"}}
{"logTime": "1223/082024", "correlationVector":"egu23HRIec6Anxk9cGOGv9.7","action":"GetUpdates", "result":"DeleteReceived", "context":{"id":"e544cc19-e69f-48ee-947d-a22a27d231a5", "isDeleted:":"true", "version":"1734601548684"}}
{"logTime": "1223/082024", "correlationVector":"egu23HRIec6Anxk9cGOGv9.8","action":"GetUpdates", "result":"DeleteReceived", "context":{"id":"c87711fd-a2b6-4261-814a-762a45671641", "isDeleted:":"true", "version":"1734610328246"}}
{"logTime": "1223/082024", "correlationVector":"egu23HRIec6Anxk9cGOGv9.9","action":"GetUpdates", "result":"DeleteReceived", "context":{"id":"714f42cc-121a-431d-917d-5a92c83d08f8", "isDeleted:":"true", "version":"1734610328247"}}
{"logTime": "1223/082024", "correlationVector":"egu23HRIec6Anxk9cGOGv9.10","action":"GetUpdates", "result":"DeleteReceived", "context":{"id":"928711d3-0103-48cf-90f7-d8e65b859dec", "isDeleted:":"true", "version":"1734610328249"}}
{"logTime": "1223/082024", "correlationVector":"egu23HRIec6Anxk9cGOGv9.11","action":"GetUpdates", "result":"DeleteReceived", "context":{"id":"2e808473-f4ab-4655-b550-a90e2eb256b2", "isDeleted:":"true", "version":"1734612486278"}}
{"logTime": "1223/082024", "correlationVector":"egu23HRIec6Anxk9cGOGv9.12","action":"GetUpdates", "result":"DeleteReceived", "context":{"id":"f19c1836-f596-44c3-976c-8d6224e7a270", "isDeleted:":"true", "version":"1734614159820"}}
{"logTime": "1223/082024", "correlationVector":"egu23HRIec6Anxk9cGOGv9.13","action":"GetUpdates", "result":"DeleteReceived", "context":{"id":"3daa168d-4d8e-4984-8271-5850ca926a1b", "isDeleted:":"true", "version":"1734614734843"}}
{"logTime": "1223/082024", "correlationVector":"egu23HRIec6Anxk9cGOGv9.14","action":"GetUpdates", "result":"DeleteReceived", "context":{"id":"c429aae2-1fff-4c27-ab5a-281ba6711daa", "isDeleted:":"true", "version":"1734614769786"}}
{"logTime": "1223/082024", "correlationVector":"egu23HRIec6Anxk9cGOGv9.15","action":"GetUpdates", "result":"DeleteReceived", "context":{"id":"7e90ec87-133b-46d5-bd64-7aa858502a37", "isDeleted:":"true", "version":"1734615100520"}}
{"logTime": "1223/082024", "correlationVector":"egu23HRIec6Anxk9cGOGv9.16","action":"GetUpdates", "result":"DeleteReceived", "context":{"id":"c4edfc39-2395-4b0a-89c9-d2c255241fcd", "isDeleted:":"true", "version":"1734630548195"}}
{"logTime": "1223/082024", "correlationVector":"egu23HRIec6Anxk9cGOGv9.17","action":"GetUpdates", "result":"DeleteReceived", "context":{"id":"867ff062-228c-4534-8323-0566efb17a2c", "isDeleted:":"true", "version":"1734630548196"}}
{"logTime": "1223/082024", "correlationVector":"egu23HRIec6Anxk9cGOGv9.18","action":"GetUpdates", "result":"DeleteReceived", "context":{"id":"e01ee3f9-4289-40ef-95df-868aec731678", "isDeleted:":"true", "version":"1734630548197"}}
{"logTime": "1223/082024", "correlationVector":"egu23HRIec6Anxk9cGOGv9.19","action":"GetUpdates", "result":"DeleteReceived", "context":{"id":"32bbd28d-8773-4ea8-8273-896307b52233", "isDeleted:":"true", "version":"1734630548198"}}
{"logTime": "1223/082024", "correlationVector":"egu23HRIec6Anxk9cGOGv9.20","action":"GetUpdates", "result":"DeleteReceived", "context":{"id":"f3468ff4-3dcb-44be-8d31-3aeb927b47c6", "isDeleted:":"true", "version":"1734630548199"}}
{"logTime": "1223/082024", "correlationVector":"egu23HRIec6Anxk9cGOGv9.21","action":"GetUpdates", "result":"DeleteReceived", "context":{"id":"1b72a2eb-96d6-4740-82d8-3d4f5b2285b0", "isDeleted:":"true", "version":"1734630548201"}}
{"logTime": "1223/082024", "correlationVector":"egu23HRIec6Anxk9cGOGv9.22","action":"GetUpdates", "result":"DeleteReceived", "context":{"id":"7aaa0ed2-4871-4a9a-9d52-ea57c78c2566", "isDeleted:":"true", "version":"1734630908077"}}
{"logTime": "1223/082024", "correlationVector":"egu23HRIec6Anxk9cGOGv9.23","action":"GetUpdates", "result":"DeleteReceived", "context":{"id":"bd2dc2ac-64e9-4a68-bb6a-0632ef9b0b5a", "isDeleted:":"true", "version":"1734631205782"}}
{"logTime": "1223/082024", "correlationVector":"egu23HRIec6Anxk9cGOGv9.24","action":"GetUpdates", "result":"DeleteReceived", "context":{"id":"e43b789d-e48a-462a-b455-ffe9841d9cdb", "isDeleted:":"true", "version":"1734631741801"}}
{"logTime": "1223/082024", "correlationVector":"egu23HRIec6Anxk9cGOGv9.25","action":"GetUpdates", "result":"DeleteReceived", "context":{"id":"44ce7243-e92c-424d-8149-a5c29c816bfa", "isDeleted:":"true", "version":"1734631811302"}}
{"logTime": "1223/082024", "correlationVector":"egu23HRIec6Anxk9cGOGv9.26","action":"GetUpdates", "result":"DeleteReceived", "context":{"id":"d37cde64-d794-4792-acaa-dc1282420748", "isDeleted:":"true", "version":"1734632323189"}}
{"logTime": "1223/082024", "correlationVector":"egu23HRIec6Anxk9cGOGv9.27","action":"GetUpdates", "result":"DeleteReceived", "context":{"id":"85881b8b-2f2b-4e53-80b4-ba33e094e871", "isDeleted:":"true", "version":"1734633516712"}}
{"logTime": "1223/082024", "correlationVector":"egu23HRIec6Anxk9cGOGv9.28","action":"GetUpdates", "result":"DeleteReceived", "context":{"id":"d0cb2c59-a92e-47da-aa08-84e687d3c644", "isDeleted:":"true", "version":"1734633516713"}}
{"logTime": "1223/082024", "correlationVector":"egu23HRIec6Anxk9cGOGv9.29","action":"GetUpdates", "result":"DeleteReceived", "context":{"id":"a6b81022-12dd-4cf1-a5ef-63ac904048ab", "isDeleted:":"true", "version":"1734633962460"}}
{"logTime": "1223/082024", "correlationVector":"egu23HRIec6Anxk9cGOGv9.30","action":"GetUpdates", "result":"DeleteReceived", "context":{"id":"42d3030f-ae5c-4d3e-a235-179704489115", "isDeleted:":"true", "version":"1734634586092"}}
{"logTime": "1223/082024", "correlationVector":"egu23HRIec6Anxk9cGOGv9.31","action":"GetUpdates", "result":"DeleteReceived", "context":{"id":"edc757a4-eb42-4482-b52d-09f6794b847c", "isDeleted:":"true", "version":"1734634586094"}}
{"logTime": "1223/082024", "correlationVector":"egu23HRIec6Anxk9cGOGv9.32","action":"GetUpdates", "result":"DeleteReceived", "context":{"id":"b9fcbcc8-49c1-4a77-942c-38410cef370e", "isDeleted:":"true", "version":"1734677208728"}}
{"logTime": "1223/082024", "correlationVector":"egu23HRIec6Anxk9cGOGv9.33","action":"GetUpdates", "result":"DeleteReceived", "context":{"id":"9fd53891-709f-4fb8-8999-4aa643baa40e", "isDeleted:":"true", "version":"1734677208729"}}
{"logTime": "1223/082024", "correlationVector":"egu23HRIec6Anxk9cGOGv9.34","action":"GetUpdates", "result":"DeleteReceived", "context":{"id":"52bc169c-857f-4928-832b-0a6db476d059", "isDeleted:":"true", "version":"1734677208730"}}
{"logTime": "1223/082024", "correlationVector":"egu23HRIec6Anxk9cGOGv9.35","action":"GetUpdates", "result":"DeleteReceived", "context":{"id":"50dc4e36-1705-4990-b6fa-60494f1a689c", "isDeleted:":"true", "version":"1734677208731"}}
{"logTime": "1223/082024", "correlationVector":"egu23HRIec6Anxk9cGOGv9.36","action":"GetUpdates", "result":"DeleteReceived", "context":{"id":"90ee0168-8af1-4c9d-85af-cb0e0d94e332", "isDeleted:":"true", "version":"1734677208732"}}
{"logTime": "1223/082024", "correlationVector":"egu23HRIec6Anxk9cGOGv9.37","action":"GetUpdates", "result":"DeleteReceived", "context":{"id":"2d948f2b-2e31-4710-9aa8-95cc52ccbb13", "isDeleted:":"true", "version":"1734677208734"}}
{"logTime": "1223/082024", "correlationVector":"egu23HRIec6Anxk9cGOGv9.38","action":"GetUpdates", "result":"DeleteReceived", "context":{"id":"2d9c2623-1a8b-4b8c-931b-aca82e490ab2", "isDeleted:":"true", "version":"1734677270618"}}
{"logTime": "1223/082024", "correlationVector":"egu23HRIec6Anxk9cGOGv9.39","action":"GetUpdates", "result":"DeleteReceived", "context":{"id":"9fe13e0b-b5fd-427c-b0d9-57aa0e7789eb", "isDeleted:":"true", "version":"1734677936924"}}
{"logTime": "1223/082024", "correlationVector":"egu23HRIec6Anxk9cGOGv9.40","action":"GetUpdates", "result":"DeleteReceived", "context":{"id":"f181c369-1806-4f08-9b01-a7a43c51de83", "isDeleted:":"true", "version":"1734677986716"}}
{"logTime": "1223/082024", "correlationVector":"egu23HRIec6Anxk9cGOGv9.41","action":"GetUpdates", "result":"DeleteReceived", "context":{"id":"52340313-757e-448c-bd31-838dee7ee6d0", "isDeleted:":"true", "version":"1734678067298"}}
{"logTime": "1223/082024", "correlationVector":"egu23HRIec6Anxk9cGOGv9.42","action":"GetUpdates", "result":"DeleteReceived", "context":{"id":"c4ca285c-b772-460e-950d-1a1ad08c8b2c", "isDeleted:":"true", "version":"1734678103108"}}
{"logTime": "1223/082024", "correlationVector":"egu23HRIec6Anxk9cGOGv9.43","action":"GetUpdates", "result":"DeleteReceived", "context":{"id":"da08f031-a120-438e-9795-8759e4805fc3", "isDeleted:":"true", "version":"1734678473989"}}
{"logTime": "1223/082024", "correlationVector":"egu23HRIec6Anxk9cGOGv9.44","action":"GetUpdates", "result":"DeleteReceived", "context":{"id":"0f050c59-00db-42de-a626-7a1ef9075ee6", "isDeleted:":"true", "version":"1734678473991"}}
{"logTime": "1223/082024", "correlationVector":"egu23HRIec6Anxk9cGOGv9.45","action":"GetUpdates", "result":"DeleteReceived", "context":{"id":"f246a197-16a1-4663-bc55-db77e67a43f1", "isDeleted:":"true", "version":"1734678473992"}}
{"logTime": "1223/082024", "correlationVector":"egu23HRIec6Anxk9cGOGv9.46","action":"GetUpdates", "result":"DeleteReceived", "context":{"id":"db1792b0-a4dc-42b1-9722-8c5e49fe05f5", "isDeleted:":"true", "version":"1734678473993"}}
{"logTime": "1223/082024", "correlationVector":"egu23HRIec6Anxk9cGOGv9.47","action":"GetUpdates", "result":"DeleteReceived", "context":{"id":"c715d94b-76c6-4fca-842b-2a0364301c20", "isDeleted:":"true", "version":"1734678620492"}}
{"logTime": "1223/082024", "correlationVector":"egu23HRIec6Anxk9cGOGv9.48","action":"GetUpdates", "result":"DeleteReceived", "context":{"id":"d0f79b55-dd60-473e-818f-770da1d9f8cb", "isDeleted:":"true", "version":"1734678620493"}}
{"logTime": "1223/082024", "correlationVector":"egu23HRIec6Anxk9cGOGv9.49","action":"GetUpdates", "result":"DeleteReceived", "context":{"id":"95592a89-500e-4711-838b-720163c1cbfb", "isDeleted:":"true", "version":"1734678705497"}}
{"logTime": "1223/082024", "correlationVector":"egu23HRIec6Anxk9cGOGv9.50","action":"GetUpdates", "result":"DeleteReceived", "context":{"id":"018d6ca4-74c8-4f90-bcde-c7bce710e2d3", "isDeleted:":"true", "version":"1734678886354"}}
{"logTime": "1223/082024", "correlationVector":"egu23HRIec6Anxk9cGOGv9.51","action":"GetUpdates", "result":"DeleteReceived", "context":{"id":"b535f460-4dd9-4929-a079-4a625c826a74", "isDeleted:":"true", "version":"1734679114963"}}
{"logTime": "1223/082024", "correlationVector":"egu23HRIec6Anxk9cGOGv9.52","action":"GetUpdates", "result":"DeleteReceived", "context":{"id":"4825a7ef-6afa-498c-9700-71cde4fe08c4", "isDeleted:":"true", "version":"1734679114967"}}
{"logTime": "1223/082024", "correlationVector":"egu23HRIec6Anxk9cGOGv9.53","action":"GetUpdates", "result":"DeleteReceived", "context":{"id":"ddc9dd84-c08c-46d7-95a5-946c44cf5913", "isDeleted:":"true", "version":"1734681183606"}}
{"logTime": "1223/082024", "correlationVector":"egu23HRIec6Anxk9cGOGv9.54","action":"GetUpdates", "result":"DeleteReceived", "context":{"id":"93b81820-3048-410c-8715-8df92420f76e", "isDeleted:":"true", "version":"1734681183607"}}
{"logTime": "1223/082024", "correlationVector":"egu23HRIec6Anxk9cGOGv9.55","action":"GetUpdates", "result":"DeleteReceived", "context":{"id":"74e91146-62c9-4a54-917a-07685f7dba38", "isDeleted:":"true", "version":"1734681183609"}}
{"logTime": "1223/082024", "correlationVector":"egu23HRIec6Anxk9cGOGv9.56","action":"GetUpdates", "result":"DeleteReceived", "context":{"id":"d46c26d9-b0ed-4c20-88a6-b91809c89c04", "isDeleted:":"true", "version":"1734681183611"}}
{"logTime": "1223/082024", "correlationVector":"egu23HRIec6Anxk9cGOGv9.57","action":"GetUpdates", "result":"DeleteReceived", "context":{"id":"13eab5b2-2fba-48b2-8328-d0cbf4a99918", "isDeleted:":"true", "version":"1734681370202"}}
{"logTime": "1223/082024", "correlationVector":"egu23HRIec6Anxk9cGOGv9.58","action":"GetUpdates", "result":"DeleteReceived", "context":{"id":"bb38f103-0f70-4450-9e43-dbc7574cf3a5", "isDeleted:":"true", "version":"1734687615597"}}
{"logTime": "1223/082024", "correlationVector":"egu23HRIec6Anxk9cGOGv9.59","action":"GetUpdates", "result":"DeleteReceived", "context":{"id":"a7a4084d-f76f-428b-a9a2-9833d86e2cdd", "isDeleted:":"true", "version":"1734687915219"}}
{"logTime": "1223/082024", "correlationVector":"egu23HRIec6Anxk9cGOGv9.60","action":"GetUpdates", "result":"DeleteReceived", "context":{"id":"6e370131-8d15-4a7e-9676-57d25f9fc0da", "isDeleted:":"true", "version":"1734689192132"}}
{"logTime": "1223/082024", "correlationVector":"egu23HRIec6Anxk9cGOGv9.61","action":"GetUpdates", "result":"DeleteReceived", "context":{"id":"b1e7be69-c23e-4c06-b4ea-1913da0d4e6e", "isDeleted:":"true", "version":"1734689192133"}}
{"logTime": "1223/082024", "correlationVector":"egu23HRIec6Anxk9cGOGv9.62","action":"GetUpdates", "result":"DeleteReceived", "context":{"id":"ebe3bad3-88c4-4357-94f7-ddc091a2331e", "isDeleted:":"true", "version":"1734689192134"}}
{"logTime": "1223/082024", "correlationVector":"egu23HRIec6Anxk9cGOGv9.63","action":"GetUpdates", "result":"DeleteReceived", "context":{"id":"192aa1cd-bcf8-4f52-958f-562a4fd5d87c", "isDeleted:":"true", "version":"1734689192135"}}
{"logTime": "1223/082024", "correlationVector":"egu23HRIec6Anxk9cGOGv9.64","action":"GetUpdates", "result":"DeleteReceived", "context":{"id":"2a7c0ede-00b6-4ce5-85a2-068ac0c79ef6", "isDeleted:":"true", "version":"1734692784015"}}
{"logTime": "1223/082024", "correlationVector":"egu23HRIec6Anxk9cGOGv9.65","action":"GetUpdates", "result":"DeleteReceived", "context":{"id":"da9d9857-7c3f-4f91-ad84-19e2b14332b3", "isDeleted:":"true", "version":"1734692784016"}}
{"logTime": "1223/082024", "correlationVector":"egu23HRIec6Anxk9cGOGv9.66","action":"GetUpdates", "result":"DeleteReceived", "context":{"id":"f10f14da-d8fa-48a6-8703-1abb215e31b3", "isDeleted:":"true", "version":"1734693731090"}}
{"logTime": "1223/082024", "correlationVector":"egu23HRIec6Anxk9cGOGv9.67","action":"GetUpdates", "result":"DeleteReceived", "context":{"id":"3115ac1a-a5af-43ee-b985-de8b79d288a4", "isDeleted:":"true", "version":"1734693897146"}}
{"logTime": "1223/082024", "correlationVector":"egu23HRIec6Anxk9cGOGv9.68","action":"GetUpdates", "result":"DeleteReceived", "context":{"id":"c2812a56-6c13-4e57-a5cc-deaa1724868e", "isDeleted:":"true", "version":"1734696210861"}}
{"logTime": "1223/082024", "correlationVector":"egu23HRIec6Anxk9cGOGv9.69","action":"GetUpdates", "result":"DeleteReceived", "context":{"id":"8fe16ebe-539e-424e-8573-db06b1a6635f", "isDeleted:":"true", "version":"1734696210862"}}
{"logTime": "1223/082024", "correlationVector":"egu23HRIec6Anxk9cGOGv9.70","action":"GetUpdates", "result":"DeleteReceived", "context":{"id":"03628fd1-d7f9-4703-b393-9cc17310308b", "isDeleted:":"true", "version":"1734696210863"}}
{"logTime": "1223/082024", "correlationVector":"egu23HRIec6Anxk9cGOGv9.71","action":"GetUpdates", "result":"DeleteReceived", "context":{"id":"8633c850-318e-49ad-b579-6dddd9a468f5", "isDeleted:":"true", "version":"1734696210864"}}
{"logTime": "1223/082024", "correlationVector":"egu23HRIec6Anxk9cGOGv9.72","action":"GetUpdates", "result":"DeleteReceived", "context":{"id":"46b91ca3-3f26-42dc-9c25-7a6d8cb48856", "isDeleted:":"true", "version":"1734696210865"}}
{"logTime": "1223/082024", "correlationVector":"egu23HRIec6Anxk9cGOGv9.73","action":"GetUpdates", "result":"DeleteReceived", "context":{"id":"13dde637-95ed-4d09-8aa6-4e7ac640ae17", "isDeleted:":"true", "version":"1734696210867"}}
{"logTime": "1223/082024", "correlationVector":"egu23HRIec6Anxk9cGOGv9.74","action":"GetUpdates", "result":"DeleteReceived", "context":{"id":"db367f11-d749-4ca9-a7ce-684092145df9", "isDeleted:":"true", "version":"1734697800149"}}
{"logTime": "1223/082024", "correlationVector":"egu23HRIec6Anxk9cGOGv9.75","action":"GetUpdates", "result":"DeleteReceived", "context":{"id":"a6678553-2f30-4729-aae4-ddc912a9b835", "isDeleted:":"true", "version":"1734697894964"}}
{"logTime": "1223/082024", "correlationVector":"egu23HRIec6Anxk9cGOGv9.76","action":"GetUpdates", "result":"DeleteReceived", "context":{"id":"201e06e4-0dc4-42ac-8fe7-a3ae7f93b3e4", "isDeleted:":"true", "version":"1734697940880"}}
{"logTime": "1223/082024", "correlationVector":"egu23HRIec6Anxk9cGOGv9.77","action":"GetUpdates", "result":"DeleteReceived", "context":{"id":"794853de-e163-46a1-b99a-bc410d6dd3cf", "isDeleted:":"true", "version":"1734697940882"}}
{"logTime": "1223/082024", "correlationVector":"egu23HRIec6Anxk9cGOGv9.78","action":"GetUpdates", "result":"DeleteReceived", "context":{"id":"eebe5339-0a2f-4e23-85b4-5b35c180cbb4", "isDeleted:":"true", "version":"1734698028123"}}
{"logTime": "1223/082024", "correlationVector":"egu23HRIec6Anxk9cGOGv9.79","action":"GetUpdates", "result":"DeleteReceived", "context":{"id":"bd650191-90c5-42e1-8c40-745d8e6191cb", "isDeleted:":"true", "version":"1734699086666"}}
{"logTime": "1223/082024", "correlationVector":"egu23HRIec6Anxk9cGOGv9.80","action":"GetUpdates", "result":"DeleteReceived", "context":{"id":"db68e72a-034c-4812-903d-64483748d4c8", "isDeleted:":"true", "version":"1734699086667"}}
{"logTime": "1223/082024", "correlationVector":"egu23HRIec6Anxk9cGOGv9.81","action":"GetUpdates", "result":"DeleteReceived", "context":{"id":"07d0cf2b-12f6-490d-b3e0-d976f8a35236", "isDeleted:":"true", "version":"1734702046259"}}
{"logTime": "1223/082024", "correlationVector":"egu23HRIec6Anxk9cGOGv9.82","action":"GetUpdates", "result":"DeleteReceived", "context":{"id":"54f2fc08-3b6a-42ec-9a99-f05efff8f566", "isDeleted:":"true", "version":"1734702787863"}}
{"logTime": "1223/082024", "correlationVector":"egu23HRIec6Anxk9cGOGv9.83","action":"GetUpdates", "result":"DeleteReceived", "context":{"id":"04461350-f004-47a9-bb77-44a98b1e6bdb", "isDeleted:":"true", "version":"1734703844461"}}
{"logTime": "1223/082024", "correlationVector":"egu23HRIec6Anxk9cGOGv9.84","action":"GetUpdates", "result":"DeleteReceived", "context":{"id":"ee251f95-16e6-4ea5-96e5-dc0f4496d72b", "isDeleted:":"true", "version":"1734704613781"}}
{"logTime": "1223/082024", "correlationVector":"egu23HRIec6Anxk9cGOGv9.85","action":"GetUpdates", "result":"DeleteReceived", "context":{"id":"efa0f89d-49af-4452-af02-b32125a4a063", "isDeleted:":"true", "version":"1734704613782"}}
{"logTime": "1223/082024", "correlationVector":"egu23HRIec6Anxk9cGOGv9.86","action":"GetUpdates", "result":"DeleteReceived", "context":{"id":"2006d813-3edf-41ab-b887-ea291d14089c", "isDeleted:":"true", "version":"1734704613783"}}
{"logTime": "1223/082024", "correlationVector":"egu23HRIec6Anxk9cGOGv9.87","action":"GetUpdates", "result":"DeleteReceived", "context":{"id":"bd8cab41-059d-42d3-8e54-5d84894b109a", "isDeleted:":"true", "version":"1734704613784"}}
{"logTime": "1223/082024", "correlationVector":"egu23HRIec6Anxk9cGOGv9.88","action":"GetUpdates", "result":"DeleteReceived", "context":{"id":"f49e4fcc-78d6-4188-a0dd-c18dde407e44", "isDeleted:":"true", "version":"1734704613785"}}
{"logTime": "1223/082024", "correlationVector":"egu23HRIec6Anxk9cGOGv9.89","action":"GetUpdates", "result":"DeleteReceived", "context":{"id":"899718c1-7dd0-446a-9f91-a6122537efce", "isDeleted:":"true", "version":"1734704613786"}}
{"logTime": "1223/082024", "correlationVector":"egu23HRIec6Anxk9cGOGv9.90","action":"GetUpdates", "result":"DeleteReceived", "context":{"id":"a1024e81-b085-49fe-b919-48d922d40a56", "isDeleted:":"true", "version":"1734704613788"}}
{"logTime": "1223/082024", "correlationVector":"egu23HRIec6Anxk9cGOGv9.91","action":"GetUpdates", "result":"DeleteReceived", "context":{"id":"67d59321-53c8-4193-a95b-9c9f3585d5bb", "isDeleted:":"true", "version":"1734704613790"}}
{"logTime": "1223/082024", "correlationVector":"egu23HRIec6Anxk9cGOGv9.92","action":"GetUpdates", "result":"DeleteReceived", "context":{"id":"4baa2626-0905-4380-9dda-2ecaab6241c5", "isDeleted:":"true", "version":"1734704648829"}}
{"logTime": "1223/082024", "correlationVector":"egu23HRIec6Anxk9cGOGv9.93","action":"GetUpdates", "result":"DeleteReceived", "context":{"id":"7677522c-ac13-4914-8a6d-41d59b180c91", "isDeleted:":"true", "version":"1734709708451"}}
{"logTime": "1223/082024", "correlationVector":"egu23HRIec6Anxk9cGOGv9.94","action":"GetUpdates", "result":"DeleteReceived", "context":{"id":"1469bff3-4743-4a97-81ee-90c7b27b4fc9", "isDeleted:":"true", "version":"1734709708452"}}
{"logTime": "1223/082024", "correlationVector":"egu23HRIec6Anxk9cGOGv9.95","action":"GetUpdates", "result":"DeleteReceived", "context":{"id":"fcf1803a-ec4b-4742-8197-1d0da9cb77e2", "isDeleted:":"true", "version":"1734710809020"}}
{"logTime": "1223/082024", "correlationVector":"egu23HRIec6Anxk9cGOGv9.96","action":"GetUpdates", "result":"DeleteReceived", "context":{"id":"ad648f9f-189c-43b6-bfd1-d9fe6265445b", "isDeleted:":"true", "version":"1734711208420"}}
{"logTime": "1223/082024", "correlationVector":"egu23HRIec6Anxk9cGOGv9.97","action":"GetUpdates", "result":"DeleteReceived", "context":{"id":"f051d0f5-b20e-4373-b48c-ba0000fafaae", "isDeleted:":"true", "version":"1734711383281"}}
{"logTime": "1223/082024", "correlationVector":"egu23HRIec6Anxk9cGOGv9.98","action":"GetUpdates", "result":"DeleteReceived", "context":{"id":"38df7764-9f4a-4192-9e4a-9e8be3c2c88e", "isDeleted:":"true", "version":"1734711383283"}}
{"logTime": "1223/082024", "correlationVector":"egu23HRIec6Anxk9cGOGv9.99","action":"GetUpdates", "result":"DeleteReceived", "context":{"id":"b2045fb8-6cd4-447c-9f3a-55697072877c", "isDeleted:":"true", "version":"1734711594666"}}
{"logTime": "1223/082024", "correlationVector":"egu23HRIec6Anxk9cGOGv9.100","action":"GetUpdates", "result":"DeleteReceived", "context":{"id":"ea656e79-d1df-48dc-89e1-78657c2f4bb8", "isDeleted:":"true", "version":"1734712546760"}}
{"logTime": "1223/082024", "correlationVector":"egu23HRIec6Anxk9cGOGv9.101","action":"GetUpdates", "result":"DeleteReceived", "context":{"id":"a7c6f8a7-1848-4f54-a8d4-36d9934b2961", "isDeleted:":"true", "version":"1734715206208"}}
{"logTime": "1223/082024", "correlationVector":"egu23HRIec6Anxk9cGOGv9.102","action":"GetUpdates", "result":"DeleteReceived", "context":{"id":"bfa354a2-5213-46ae-a26e-c92f54091168", "isDeleted:":"true", "version":"1734715340199"}}
{"logTime": "1223/082024", "correlationVector":"egu23HRIec6Anxk9cGOGv9.103","action":"GetUpdates", "result":"DeleteReceived", "context":{"id":"72e7c5e5-8903-44c6-b7ea-77292f166004", "isDeleted:":"true", "version":"1734715340201"}}
{"logTime": "1223/082024", "correlationVector":"egu23HRIec6Anxk9cGOGv9.104","action":"GetUpdates", "result":"DeleteReceived", "context":{"id":"ce34d898-b8de-4a4a-b7bf-d3b1b915eb63", "isDeleted:":"true", "version":"1734715340202"}}
{"logTime": "1223/082024", "correlationVector":"egu23HRIec6Anxk9cGOGv9.105","action":"GetUpdates", "result":"DeleteReceived", "context":{"id":"45490c3c-cda2-4273-ac45-93a2fa1b886b", "isDeleted:":"true", "version":"1734715340203"}}
{"logTime": "1223/082024", "correlationVector":"egu23HRIec6Anxk9cGOGv9.106","action":"GetUpdates", "result":"DeleteReceived", "context":{"id":"462a04b8-ab88-4ec0-9219-86ceef7d7b7f", "isDeleted:":"true", "version":"1734715340204"}}
{"logTime": "1223/082024", "correlationVector":"egu23HRIec6Anxk9cGOGv9.107","action":"GetUpdates", "result":"DeleteReceived", "context":{"id":"d674b3fe-bcb3-453f-b41d-8c403c9dbefc", "isDeleted:":"true", "version":"1734715340205"}}
{"logTime": "1223/082024", "correlationVector":"egu23HRIec6Anxk9cGOGv9.108","action":"GetUpdates", "result":"DeleteReceived", "context":{"id":"f1d83973-c633-481a-bbc3-35bd2a60d611", "isDeleted:":"true", "version":"1734716057932"}}
{"logTime": "1223/082024", "correlationVector":"egu23HRIec6Anxk9cGOGv9.109","action":"GetUpdates", "result":"DeleteReceived", "context":{"id":"26ab706f-ad16-4a67-8b1d-4a06f37c76d6", "isDeleted:":"true", "version":"1734716768107"}}
{"logTime": "1223/082024", "correlationVector":"egu23HRIec6Anxk9cGOGv9.110","action":"GetUpdates", "result":"DeleteReceived", "context":{"id":"76d037d4-f084-4694-83d0-ec09e1d542f2", "isDeleted:":"true", "version":"1734718267116"}}
{"logTime": "1223/082024", "correlationVector":"egu23HRIec6Anxk9cGOGv9.111","action":"GetUpdates", "result":"DeleteReceived", "context":{"id":"66fe796a-d556-4485-a3a7-6777d87ccb80", "isDeleted:":"true", "version":"1734719347879"}}
{"logTime": "1223/082024", "correlationVector":"egu23HRIec6Anxk9cGOGv9.112","action":"GetUpdates", "result":"DeleteReceived", "context":{"id":"1a8f9e36-cda2-4434-bd00-11c232f98537", "isDeleted:":"true", "version":"1734719754545"}}
{"logTime": "1223/082024", "correlationVector":"egu23HRIec6Anxk9cGOGv9.113","action":"GetUpdates", "result":"DeleteReceived", "context":{"id":"c7ab4295-cc5f-4496-8f46-c84c19f8ed57", "isDeleted:":"true", "version":"1734721329774"}}
{"logTime": "1223/082024", "correlationVector":"egu23HRIec6Anxk9cGOGv9.114","action":"GetUpdates", "result":"DeleteReceived", "context":{"id":"378ffefa-c57b-4372-a22d-1a6a0100a578", "isDeleted:":"true", "version":"1734723042428"}}
{"logTime": "1223/082024", "correlationVector":"egu23HRIec6Anxk9cGOGv9.115","action":"GetUpdates", "result":"DeleteReceived", "context":{"id":"6b8234a2-5a6c-4ebc-9caa-06f3afc2fd60", "isDeleted:":"true", "version":"1734723737289"}}
{"logTime": "1223/082024", "correlationVector":"egu23HRIec6Anxk9cGOGv9.116","action":"GetUpdates", "result":"DeleteReceived", "context":{"id":"59d47883-d23a-476c-b652-8cf328f836b8", "isDeleted:":"true", "version":"1734723901446"}}
{"logTime": "1223/082024", "correlationVector":"egu23HRIec6Anxk9cGOGv9.117","action":"GetUpdates", "result":"DeleteReceived", "context":{"id":"f154244a-0150-4a4a-bd9c-8c3b602d5065", "isDeleted:":"true", "version":"1734724879551"}}
{"logTime": "1223/082024", "correlationVector":"egu23HRIec6Anxk9cGOGv9.118","action":"GetUpdates", "result":"DeleteReceived", "context":{"id":"54bd668f-1afb-4259-8632-30bc17df553f", "isDeleted:":"true", "version":"1734724879552"}}
{"logTime": "1223/082024", "correlationVector":"egu23HRIec6Anxk9cGOGv9.119","action":"GetUpdates", "result":"DeleteReceived", "context":{"id":"47567bd7-520e-4f0c-9a73-f00d6afd19e5", "isDeleted:":"true", "version":"1734724879553"}}
{"logTime": "1223/082024", "correlationVector":"egu23HRIec6Anxk9cGOGv9.120","action":"GetUpdates", "result":"DeleteReceived", "context":{"id":"d9f93bc8-7bea-4df3-a4dd-8393b928e40b", "isDeleted:":"true", "version":"1734724879554"}}
{"logTime": "1223/082024", "correlationVector":"egu23HRIec6Anxk9cGOGv9.121","action":"GetUpdates", "result":"DeleteReceived", "context":{"id":"7b010a28-b3d0-4c9f-b4dd-8ca2c5d58374", "isDeleted:":"true", "version":"1734724879556"}}
{"logTime": "1223/082024", "correlationVector":"egu23HRIec6Anxk9cGOGv9.122","action":"GetUpdates", "result":"DeleteReceived", "context":{"id":"76c8487d-e584-4113-b11d-0cd9dde6da38", "isDeleted:":"true", "version":"1734725910533"}}
{"logTime": "1223/082024", "correlationVector":"egu23HRIec6Anxk9cGOGv9.123","action":"GetUpdates", "result":"DeleteReceived", "context":{"id":"4f2464ba-e19b-4d64-b17f-2cbebfe87bec", "isDeleted:":"true", "version":"1734725910535"}}
{"logTime": "1223/082024", "correlationVector":"egu23HRIec6Anxk9cGOGv9.124","action":"GetUpdates", "result":"DeleteReceived", "context":{"id":"22475f08-bcbb-485e-99d4-e21fe0ae5d33", "isDeleted:":"true", "version":"1734725910537"}}
{"logTime": "1223/082024", "correlationVector":"egu23HRIec6Anxk9cGOGv9.125","action":"GetUpdates", "result":"DeleteReceived", "context":{"id":"632d12e4-71bd-4e2c-bb81-2770ffc3a796", "isDeleted:":"true", "version":"1734726749302"}}
{"logTime": "1223/082024", "correlationVector":"egu23HRIec6Anxk9cGOGv9.126","action":"GetUpdates", "result":"DeleteReceived", "context":{"id":"d6bad98c-a284-4ae9-9901-57b25c430c45", "isDeleted:":"true", "version":"1734726930708"}}
{"logTime": "1223/082024", "correlationVector":"egu23HRIec6Anxk9cGOGv9.127","action":"GetUpdates", "result":"DeleteReceived", "context":{"id":"830d1920-c98c-465a-907a-178befc15f08", "isDeleted:":"true", "version":"1734781750568"}}
{"logTime": "1223/082024", "correlationVector":"egu23HRIec6Anxk9cGOGv9.128","action":"GetUpdates", "result":"DeleteReceived", "context":{"id":"26556b38-b935-4b98-a6d3-feee852215df", "isDeleted:":"true", "version":"1734781750569"}}
{"logTime": "1223/082024", "correlationVector":"egu23HRIec6Anxk9cGOGv9.129","action":"GetUpdates", "result":"DeleteReceived", "context":{"id":"ddd3c3e1-119e-4be6-a293-e02c5df3ae58", "isDeleted:":"true", "version":"1734785284061"}}
{"logTime": "1223/082024", "correlationVector":"egu23HRIec6Anxk9cGOGv9.130","action":"GetUpdates", "result":"DeleteReceived", "context":{"id":"fa4c6736-8f9c-45a3-bd15-aed2543afb3e", "isDeleted:":"true", "version":"1734791994153"}}
{"logTime": "1223/082024", "correlationVector":"egu23HRIec6Anxk9cGOGv9.131","action":"GetUpdates", "result":"DeleteReceived", "context":{"id":"00b6a5dc-848b-4b8e-ae00-7b7e0e88863b", "isDeleted:":"true", "version":"1734792190453"}}
{"logTime": "1223/082024", "correlationVector":"egu23HRIec6Anxk9cGOGv9.132","action":"GetUpdates", "result":"DeleteReceived", "context":{"id":"96fb32e6-a0a8-4e1f-aef1-12371b351ee2", "isDeleted:":"true", "version":"1734792268701"}}
{"logTime": "1223/082024", "correlationVector":"egu23HRIec6Anxk9cGOGv9.133","action":"GetUpdates", "result":"DeleteReceived", "context":{"id":"8756db51-ab5b-4f26-8141-6b69da0145ae", "isDeleted:":"true", "version":"1734792587749"}}
{"logTime": "1223/082024", "correlationVector":"egu23HRIec6Anxk9cGOGv9.134","action":"GetUpdates", "result":"DeleteReceived", "context":{"id":"c4823617-9341-48ab-ba30-5ab018139233", "isDeleted:":"true", "version":"1734792587750"}}
{"logTime": "1223/082024", "correlationVector":"egu23HRIec6Anxk9cGOGv9.135","action":"GetUpdates", "result":"DeleteReceived", "context":{"id":"c243e8cf-9768-460f-b1ac-6539bb5ac8f3", "isDeleted:":"true", "version":"1734792799192"}}
{"logTime": "1223/082024", "correlationVector":"egu23HRIec6Anxk9cGOGv9.136","action":"GetUpdates", "result":"DeleteReceived", "context":{"id":"cbb28a24-d196-4d05-80db-36c1ca7ff707", "isDeleted:":"true", "version":"1734792832019"}}
{"logTime": "1223/082024", "correlationVector":"egu23HRIec6Anxk9cGOGv9.137","action":"GetUpdates", "result":"DeleteReceived", "context":{"id":"78cddcf0-42a7-444a-874f-a0eb711a6bf7", "isDeleted:":"true", "version":"1734799086318"}}
{"logTime": "1223/082024", "correlationVector":"egu23HRIec6Anxk9cGOGv9.138","action":"GetUpdates", "result":"DeleteReceived", "context":{"id":"f2580fc3-8b13-43be-a86b-7432147bbeef", "isDeleted:":"true", "version":"1734799086319"}}
{"logTime": "1223/082024", "correlationVector":"egu23HRIec6Anxk9cGOGv9.139","action":"GetUpdates", "result":"DeleteReceived", "context":{"id":"0d252d93-57fc-4f10-bcba-2038c9a72877", "isDeleted:":"true", "version":"1734799086320"}}
{"logTime": "1223/082024", "correlationVector":"egu23HRIec6Anxk9cGOGv9.140","action":"GetUpdates", "result":"DeleteReceived", "context":{"id":"10756ace-c845-4d85-8ae3-b5dcd1c07ba1", "isDeleted:":"true", "version":"1734799086321"}}
{"logTime": "1223/082024", "correlationVector":"egu23HRIec6Anxk9cGOGv9.141","action":"GetUpdates", "result":"DeleteReceived", "context":{"id":"22b4344f-85ba-49c2-b1d4-5940ab510f78", "isDeleted:":"true", "version":"1734799086322"}}
{"logTime": "1223/082024", "correlationVector":"egu23HRIec6Anxk9cGOGv9.142","action":"GetUpdates", "result":"DeleteReceived", "context":{"id":"2fc40f3c-3e36-4b6e-97c3-8762eef598ab", "isDeleted:":"true", "version":"1734799086325"}}
{"logTime": "1223/082024", "correlationVector":"egu23HRIec6Anxk9cGOGv9.143","action":"GetUpdates", "result":"DeleteReceived", "context":{"id":"9647aa53-c89f-4f15-8c4f-1063ad4fd000", "isDeleted:":"true", "version":"1734799086326"}}
{"logTime": "1223/082024", "correlationVector":"egu23HRIec6Anxk9cGOGv9.144","action":"GetUpdates", "result":"DeleteReceived", "context":{"id":"4c0b1df2-eaf1-41e6-a3fe-a12c8771d9f2", "isDeleted:":"true", "version":"1734799086327"}}
{"logTime": "1223/082024", "correlationVector":"egu23HRIec6Anxk9cGOGv9.145","action":"GetUpdates", "result":"DeleteReceived", "context":{"id":"08ff6728-de6f-40c2-b2be-1ba09d8de995", "isDeleted:":"true", "version":"1734799161563"}}
{"logTime": "1223/082024", "correlationVector":"egu23HRIec6Anxk9cGOGv9.146","action":"GetUpdates", "result":"DeleteReceived", "context":{"id":"a9a82c58-f7a8-45f3-9936-2fdbb4e2773c", "isDeleted:":"true", "version":"1734799161565"}}
{"logTime": "1223/082024", "correlationVector":"egu23HRIec6Anxk9cGOGv9.147","action":"GetUpdates", "result":"DeleteReceived", "context":{"id":"7d245685-9db6-409c-9ce3-d5bbc14181b6", "isDeleted:":"true", "version":"1734801456471"}}
{"logTime": "1223/082024", "correlationVector":"egu23HRIec6Anxk9cGOGv9.148","action":"GetUpdates", "result":"DeleteReceived", "context":{"id":"79681078-2ea2-4d10-822c-51ba1700b4bb", "isDeleted:":"true", "version":"1734801773980"}}
{"logTime": "1223/082024", "correlationVector":"egu23HRIec6Anxk9cGOGv9.149","action":"GetUpdates", "result":"DeleteReceived", "context":{"id":"4ea6c1d3-b705-4bc9-9a80-0bb7c1d26546", "isDeleted:":"true", "version":"1734802361813"}}
{"logTime": "1223/082024", "correlationVector":"egu23HRIec6Anxk9cGOGv9.150","action":"GetUpdates", "result":"DeleteReceived", "context":{"id":"77a04447-6d79-4389-8c3b-6f7515c021fa", "isDeleted:":"true", "version":"1734802885794"}}
{"logTime": "1223/082024", "correlationVector":"egu23HRIec6Anxk9cGOGv9.151","action":"GetUpdates", "result":"DeleteReceived", "context":{"id":"c73b9872-bf2b-454c-a871-dc3b7209253c", "isDeleted:":"true", "version":"1734802885796"}}
{"logTime": "1223/082024", "correlationVector":"egu23HRIec6Anxk9cGOGv9.152","action":"GetUpdates", "result":"DeleteReceived", "context":{"id":"dc467cac-7e1b-411d-9250-fcada810210a", "isDeleted:":"true", "version":"1734803253908"}}
{"logTime": "1223/082024", "correlationVector":"egu23HRIec6Anxk9cGOGv9.153","action":"GetUpdates", "result":"DeleteReceived", "context":{"id":"3c8129cd-4564-4637-bab5-dacf6e908aad", "isDeleted:":"true", "version":"1734803253909"}}
{"logTime": "1223/082024", "correlationVector":"egu23HRIec6Anxk9cGOGv9.154","action":"GetUpdates", "result":"DeleteReceived", "context":{"id":"39eb7bec-439d-49b5-8fd7-97eda29aec7f", "isDeleted:":"true", "version":"1734804223037"}}
{"logTime": "1223/082024", "correlationVector":"egu23HRIec6Anxk9cGOGv9.155","action":"GetUpdates", "result":"DeleteReceived", "context":{"id":"fd144407-374b-402f-a3c0-43c87a7cfede", "isDeleted:":"true", "version":"1734804362391"}}
{"logTime": "1223/082024", "correlationVector":"egu23HRIec6Anxk9cGOGv9.156","action":"GetUpdates", "result":"DeleteReceived", "context":{"id":"87b1fe72-6b10-45de-8748-4bce02bf671c", "isDeleted:":"true", "version":"1734804362392"}}
{"logTime": "1223/082024", "correlationVector":"egu23HRIec6Anxk9cGOGv9.157","action":"GetUpdates", "result":"DeleteReceived", "context":{"id":"79bfd818-9530-4e42-967f-f49a933bab32", "isDeleted:":"true", "version":"1734804403603"}}
{"logTime": "1223/082024", "correlationVector":"egu23HRIec6Anxk9cGOGv9.158","action":"GetUpdates", "result":"DeleteReceived", "context":{"id":"e84d0e3a-02c8-4da4-bef4-5f950e6da938", "isDeleted:":"true", "version":"1734806683196"}}
{"logTime": "1223/082024", "correlationVector":"egu23HRIec6Anxk9cGOGv9.159","action":"GetUpdates", "result":"DeleteReceived", "context":{"id":"67eb0f14-f0ca-47c7-a567-8be6c3894fff", "isDeleted:":"true", "version":"1734806683197"}}
{"logTime": "1223/082024", "correlationVector":"egu23HRIec6Anxk9cGOGv9.160","action":"GetUpdates", "result":"DeleteReceived", "context":{"id":"53ce9a46-1e7e-4114-8517-57df45412ac6", "isDeleted:":"true", "version":"1734808106858"}}
{"logTime": "1223/082024", "correlationVector":"egu23HRIec6Anxk9cGOGv9.161","action":"GetUpdates", "result":"DeleteReceived", "context":{"id":"6dbc5f73-626f-42d0-bc37-a17c91e58285", "isDeleted:":"true", "version":"1734808106860"}}
{"logTime": "1223/082024", "correlationVector":"egu23HRIec6Anxk9cGOGv9.162","action":"GetUpdates", "result":"DeleteReceived", "context":{"id":"64c6cf7a-8fa5-48f4-a062-49ed02372275", "isDeleted:":"true", "version":"1734808170971"}}
{"logTime": "1223/082024", "correlationVector":"egu23HRIec6Anxk9cGOGv9.163","action":"GetUpdates", "result":"DeleteReceived", "context":{"id":"fdd110f4-a1aa-4d86-a34b-e6e0586c2142", "isDeleted:":"true", "version":"1734808980674"}}
{"logTime": "1223/082024", "correlationVector":"egu23HRIec6Anxk9cGOGv9.164","action":"GetUpdates", "result":"DeleteReceived", "context":{"id":"d2394f91-203c-4188-9dff-655c6b7588dc", "isDeleted:":"true", "version":"1734809123322"}}
{"logTime": "1223/082024", "correlationVector":"egu23HRIec6Anxk9cGOGv9.165","action":"GetUpdates", "result":"DeleteReceived", "context":{"id":"102815d4-e8da-43fc-8531-420ed921e41d", "isDeleted:":"true", "version":"1734809123323"}}
{"logTime": "1223/082024", "correlationVector":"egu23HRIec6Anxk9cGOGv9.166","action":"GetUpdates", "result":"DeleteReceived", "context":{"id":"a757f417-425f-46f5-a6bd-18a4d7bd030a", "isDeleted:":"true", "version":"1734810728193"}}
{"logTime": "1223/082024", "correlationVector":"egu23HRIec6Anxk9cGOGv9.167","action":"GetUpdates", "result":"DeleteReceived", "context":{"id":"78682fae-e752-4901-bd30-5c6adc897161", "isDeleted:":"true", "version":"1734811491475"}}
{"logTime": "1223/082024", "correlationVector":"egu23HRIec6Anxk9cGOGv9.168","action":"GetUpdates", "result":"DeleteReceived", "context":{"id":"c34feba1-0e48-4a68-a46a-fd886ee671b4", "isDeleted:":"true", "version":"1734811491477"}}
{"logTime": "1223/082024", "correlationVector":"egu23HRIec6Anxk9cGOGv9.169","action":"GetUpdates", "result":"DeleteReceived", "context":{"id":"75fd218e-66eb-4802-bbc9-4afdbca60129", "isDeleted:":"true", "version":"1734811549251"}}
{"logTime": "1223/082024", "correlationVector":"egu23HRIec6Anxk9cGOGv9.170","action":"GetUpdates", "result":"DeleteReceived", "context":{"id":"4869855e-2bea-42a6-a1b7-dcb1057fa9a2", "isDeleted:":"true", "version":"1734811611207"}}
{"logTime": "1223/082024", "correlationVector":"egu23HRIec6Anxk9cGOGv9.171","action":"GetUpdates", "result":"DeleteReceived", "context":{"id":"ef42afc2-93c8-44e3-9b9d-6f1b795ee42a", "isDeleted:":"true", "version":"1734811972378"}}
{"logTime": "1223/082024", "correlationVector":"egu23HRIec6Anxk9cGOGv9.172","action":"GetUpdates", "result":"DeleteReceived", "context":{"id":"442d2bdc-8b10-4667-afba-ce462b2e3f7d", "isDeleted:":"true", "version":"1734811972380"}}
{"logTime": "1223/082024", "correlationVector":"egu23HRIec6Anxk9cGOGv9.173","action":"GetUpdates", "result":"DeleteReceived", "context":{"id":"58dd0b1f-df84-4248-b3d9-8377cd62c040", "isDeleted:":"true", "version":"1734812758211"}}
{"logTime": "1223/082024", "correlationVector":"egu23HRIec6Anxk9cGOGv9.174","action":"GetUpdates", "result":"DeleteReceived", "context":{"id":"4e43d214-3398-4510-8d3f-1229593f62c5", "isDeleted:":"true", "version":"1734812795248"}}
{"logTime": "1223/082024", "correlationVector":"egu23HRIec6Anxk9cGOGv9.175","action":"GetUpdates", "result":"DeleteReceived", "context":{"id":"c998c42c-d5af-49dd-91d1-dd77fd4ead63", "isDeleted:":"true", "version":"1734812795250"}}
{"logTime": "1223/082024", "correlationVector":"egu23HRIec6Anxk9cGOGv9.176","action":"GetUpdates", "result":"DeleteReceived", "context":{"id":"572ef8a1-2a4e-4f7d-b5bf-0ce64ca2e491", "isDeleted:":"true", "version":"1734813831267"}}
{"logTime": "1223/082024", "correlationVector":"egu23HRIec6Anxk9cGOGv9.177","action":"GetUpdates", "result":"DeleteReceived", "context":{"id":"7e6f16a0-8a58-423b-8d9f-259387790b24", "isDeleted:":"true", "version":"1734813831269"}}
{"logTime": "1223/082024", "correlationVector":"egu23HRIec6Anxk9cGOGv9.178","action":"GetUpdates", "result":"DeleteReceived", "context":{"id":"3286c655-b01c-423d-a279-d07130bab97c", "isDeleted:":"true", "version":"1734852810487"}}
{"logTime": "1223/082024", "correlationVector":"egu23HRIec6Anxk9cGOGv9.179","action":"GetUpdates", "result":"DeleteReceived", "context":{"id":"2b75086c-2368-46de-969a-545366604d19", "isDeleted:":"true", "version":"1734852810488"}}
{"logTime": "1223/082024", "correlationVector":"egu23HRIec6Anxk9cGOGv9.180","action":"GetUpdates", "result":"DeleteReceived", "context":{"id":"4e879901-378f-4405-b06b-4cce9007ab41", "isDeleted:":"true", "version":"1734852810490"}}
{"logTime": "1223/082024", "correlationVector":"egu23HRIec6Anxk9cGOGv9.181","action":"GetUpdates", "result":"DeleteReceived", "context":{"id":"8d567e24-1995-4ac4-bdad-07ee7ed4bda9", "isDeleted:":"true", "version":"1734854781303"}}
{"logTime": "1223/082024", "correlationVector":"egu23HRIec6Anxk9cGOGv9.182","action":"GetUpdates", "result":"DeleteReceived", "context":{"id":"fe562f95-6eea-4fb5-8cdb-94253044dea9", "isDeleted:":"true", "version":"1734854781304"}}
{"logTime": "1223/082024", "correlationVector":"egu23HRIec6Anxk9cGOGv9.183","action":"GetUpdates", "result":"DeleteReceived", "context":{"id":"f197d792-2e21-4fc7-8fc5-2f467caa43c2", "isDeleted:":"true", "version":"1734855054646"}}
{"logTime": "1223/082024", "correlationVector":"egu23HRIec6Anxk9cGOGv9.184","action":"GetUpdates", "result":"DeleteReceived", "context":{"id":"9edba920-d8d2-4096-b244-cf8e8ff8e54d", "isDeleted:":"true", "version":"1734857043856"}}
{"logTime": "1223/082024", "correlationVector":"egu23HRIec6Anxk9cGOGv9.185","action":"GetUpdates", "result":"DeleteReceived", "context":{"id":"35778962-57e3-4685-8a9d-eec94c495802", "isDeleted:":"true", "version":"1734857689362"}}
{"logTime": "1223/082024", "correlationVector":"egu23HRIec6Anxk9cGOGv9.186","action":"GetUpdates", "result":"DeleteReceived", "context":{"id":"cbf66ce6-0991-4e31-baa1-0bce8992a72d", "isDeleted:":"true", "version":"1734857689368"}}
{"logTime": "1223/082024", "correlationVector":"egu23HRIec6Anxk9cGOGv9.187","action":"GetUpdates", "result":"DeleteReceived", "context":{"id":"407e584d-c9ba-4cee-8831-14a62904d260", "isDeleted:":"true", "version":"1734857695479"}}
{"logTime": "1223/082024", "correlationVector":"egu23HRIec6Anxk9cGOGv9.188","action":"GetUpdates", "result":"DeleteReceived", "context":{"id":"365c68c1-ef2d-42a5-bde8-2561bd62d23a", "isDeleted:":"true", "version":"1734857695480"}}
{"logTime": "1223/082024", "correlationVector":"egu23HRIec6Anxk9cGOGv9.189","action":"GetUpdates", "result":"DeleteReceived", "context":{"id":"64267dc5-8eb9-4f9f-bb7b-a47ae2599a83", "isDeleted:":"true", "version":"1734859089904"}}
{"logTime": "1223/082024", "correlationVector":"egu23HRIec6Anxk9cGOGv9.190","action":"GetUpdates", "result":"DeleteReceived", "context":{"id":"eb938d0e-0163-43ee-bfe8-71b9f1641b6b", "isDeleted:":"true", "version":"1734859724465"}}
{"logTime": "1223/082024", "correlationVector":"egu23HRIec6Anxk9cGOGv9.191","action":"GetUpdates", "result":"DeleteReceived", "context":{"id":"f15cc9a8-0476-47aa-afb9-7589cedadc5f", "isDeleted:":"true", "version":"1734860158766"}}
{"logTime": "1223/082024", "correlationVector":"egu23HRIec6Anxk9cGOGv9.192","action":"GetUpdates", "result":"DeleteReceived", "context":{"id":"d7ca71bc-2def-423a-afa7-1d7711fb0cb8", "isDeleted:":"true", "version":"1734860158768"}}
{"logTime": "1223/082024", "correlationVector":"egu23HRIec6Anxk9cGOGv9.193","action":"GetUpdates", "result":"DeleteReceived", "context":{"id":"914dc4ea-edad-479e-9fb4-99f8c639690c", "isDeleted:":"true", "version":"1734860270864"}}
{"logTime": "1223/082024", "correlationVector":"egu23HRIec6Anxk9cGOGv9.194","action":"GetUpdates", "result":"DeleteReceived", "context":{"id":"f8eb8cf6-ba06-4964-83ee-7bee68640d60", "isDeleted:":"true", "version":"1734860675783"}}
{"logTime": "1223/082024", "correlationVector":"egu23HRIec6Anxk9cGOGv9.195","action":"GetUpdates", "result":"DeleteReceived", "context":{"id":"1507d9a8-d2a4-4319-90c4-2245585221f2", "isDeleted:":"true", "version":"1734860675785"}}
{"logTime": "1223/082024", "correlationVector":"egu23HRIec6Anxk9cGOGv9.196","action":"GetUpdates", "result":"DeleteReceived", "context":{"id":"e7d6d860-1efb-45a6-8a8e-2301aa5b7c63", "isDeleted:":"true", "version":"1734860675786"}}
{"logTime": "1223/082024", "correlationVector":"egu23HRIec6Anxk9cGOGv9.197","action":"GetUpdates", "result":"DeleteReceived", "context":{"id":"6be34613-14df-4fe5-adc8-e1b7025c5633", "isDeleted:":"true", "version":"1734860717713"}}
{"logTime": "1223/082024", "correlationVector":"egu23HRIec6Anxk9cGOGv9.198","action":"GetUpdates", "result":"DeleteReceived", "context":{"id":"6ad31e8b-b6c8-464a-bead-d3cfbc8bfb7a", "isDeleted:":"true", "version":"1734860802749"}}
{"logTime": "1223/082024", "correlationVector":"egu23HRIec6Anxk9cGOGv9.199","action":"GetUpdates", "result":"DeleteReceived", "context":{"id":"1df4a655-0192-40c4-a392-6cb45de5ce38", "isDeleted:":"true", "version":"1734860802750"}}
{"logTime": "1223/082024", "correlationVector":"egu23HRIec6Anxk9cGOGv9.200","action":"GetUpdates", "result":"DeleteReceived", "context":{"id":"9b992144-f35c-4222-8a3a-ac737f6fb7c5", "isDeleted:":"true", "version":"1734860802752"}}
{"logTime": "1223/082024", "correlationVector":"egu23HRIec6Anxk9cGOGv9.201","action":"GetUpdates", "result":"DeleteReceived", "context":{"id":"fc02d411-adff-4295-8758-8594a3323920", "isDeleted:":"true", "version":"1734860813398"}}
{"logTime": "1223/082024", "correlationVector":"egu23HRIec6Anxk9cGOGv9.202","action":"GetUpdates", "result":"DeleteReceived", "context":{"id":"34da806f-b9a2-4d88-bdbd-8e3640606eb3", "isDeleted:":"true", "version":"1734860874242"}}
{"logTime": "1223/082024", "correlationVector":"egu23HRIec6Anxk9cGOGv9.203","action":"GetUpdates", "result":"DeleteReceived", "context":{"id":"c1a287b1-d329-43b7-af3b-593e235ba203", "isDeleted:":"true", "version":"1734861087369"}}
{"logTime": "1223/082024", "correlationVector":"egu23HRIec6Anxk9cGOGv9.204","action":"GetUpdates", "result":"DeleteReceived", "context":{"id":"32e47dfc-ef75-4293-9cea-339f094282c0", "isDeleted:":"true", "version":"1734861103286"}}
{"logTime": "1223/082024", "correlationVector":"egu23HRIec6Anxk9cGOGv9.205","action":"GetUpdates", "result":"DeleteReceived", "context":{"id":"f9e8da9b-2602-420d-a0e6-59149879427a", "isDeleted:":"true", "version":"1734861103287"}}
{"logTime": "1223/082024", "correlationVector":"egu23HRIec6Anxk9cGOGv9.206","action":"GetUpdates", "result":"DeleteReceived", "context":{"id":"5b45d988-6645-44db-9000-8fe6ed03cf67", "isDeleted:":"true", "version":"1734861759205"}}
{"logTime": "1223/082024", "correlationVector":"egu23HRIec6Anxk9cGOGv9.207","action":"GetUpdates", "result":"DeleteReceived", "context":{"id":"ffa168b3-681a-4275-921d-17ad99fbd60d", "isDeleted:":"true", "version":"1734861849287"}}
{"logTime": "1223/082024", "correlationVector":"egu23HRIec6Anxk9cGOGv9.208","action":"GetUpdates", "result":"DeleteReceived", "context":{"id":"dc80b83f-0ab6-4b54-819f-bda58a866e4c", "isDeleted:":"true", "version":"1734861849288"}}
{"logTime": "1223/082024", "correlationVector":"egu23HRIec6Anxk9cGOGv9.209","action":"GetUpdates", "result":"DeleteReceived", "context":{"id":"5c8fce2e-cdf6-4066-aa8e-d495bca340ac", "isDeleted:":"true", "version":"1734861956252"}}
{"logTime": "1223/082024", "correlationVector":"egu23HRIec6Anxk9cGOGv9.210","action":"GetUpdates", "result":"DeleteReceived", "context":{"id":"510c0eab-c57d-4ba2-8bc0-49dc380112ca", "isDeleted:":"true", "version":"1734862624627"}}
{"logTime": "1223/082024", "correlationVector":"egu23HRIec6Anxk9cGOGv9.211","action":"GetUpdates", "result":"DeleteReceived", "context":{"id":"60a59f92-27b3-4e3f-8708-1416e9bbecdc", "isDeleted:":"true", "version":"1734862937809"}}
{"logTime": "1223/082024", "correlationVector":"egu23HRIec6Anxk9cGOGv9.212","action":"GetUpdates", "result":"DeleteReceived", "context":{"id":"2930d5b9-29eb-4056-8082-8ac69bf346c1", "isDeleted:":"true", "version":"1734862941419"}}
{"logTime": "1223/082024", "correlationVector":"egu23HRIec6Anxk9cGOGv9.213","action":"GetUpdates", "result":"DeleteReceived", "context":{"id":"a25d9467-1f94-4655-9018-93d935189559", "isDeleted:":"true", "version":"1734862951672"}}
{"logTime": "1223/082024", "correlationVector":"egu23HRIec6Anxk9cGOGv9.214","action":"GetUpdates", "result":"DeleteReceived", "context":{"id":"9fecf075-5fb9-4728-a91b-1d281eb6b9e1", "isDeleted:":"true", "version":"1734862975420"}}
{"logTime": "1223/082024", "correlationVector":"egu23HRIec6Anxk9cGOGv9.215","action":"GetUpdates", "result":"DeleteReceived", "context":{"id":"d93475ad-aea5-469c-b1c9-c64bc1ab3b4c", "isDeleted:":"true", "version":"1734862989645"}}
{"logTime": "1223/082024", "correlationVector":"egu23HRIec6Anxk9cGOGv9.216","action":"GetUpdates", "result":"DeleteReceived", "context":{"id":"6ecb3f6c-9f2e-40aa-bbf5-b9c28e76a9c7", "isDeleted:":"true", "version":"1734863683373"}}
{"logTime": "1223/082024", "correlationVector":"egu23HRIec6Anxk9cGOGv9.217","action":"GetUpdates", "result":"DeleteReceived", "context":{"id":"c58e9dc7-75d6-4ce9-863c-b7a8322d552f", "isDeleted:":"true", "version":"1734863685217"}}
{"logTime": "1223/082024", "correlationVector":"egu23HRIec6Anxk9cGOGv9.218","action":"GetUpdates", "result":"DeleteReceived", "context":{"id":"a6b1f503-03c2-478e-96c4-6e1cec087ae3", "isDeleted:":"true", "version":"1734863697377"}}
{"logTime": "1223/082024", "correlationVector":"egu23HRIec6Anxk9cGOGv9.219","action":"GetUpdates", "result":"DeleteReceived", "context":{"id":"2376889f-2166-4a73-9856-1cba6396620f", "isDeleted:":"true", "version":"1734863791097"}}
{"logTime": "1223/082024", "correlationVector":"egu23HRIec6Anxk9cGOGv9.220","action":"GetUpdates", "result":"DeleteReceived", "context":{"id":"5960ed78-8373-4c0a-a022-9a4c40e19b88", "isDeleted:":"true", "version":"1734863816320"}}
{"logTime": "1223/082024", "correlationVector":"egu23HRIec6Anxk9cGOGv9.221","action":"GetUpdates", "result":"DeleteReceived", "context":{"id":"3436d438-48f4-466d-b70f-443fc38822b8", "isDeleted:":"true", "version":"1734866097831"}}
{"logTime": "1223/082024", "correlationVector":"egu23HRIec6Anxk9cGOGv9.222","action":"GetUpdates", "result":"DeleteReceived", "context":{"id":"0e3b013c-73cd-48e6-8665-9f678e382214", "isDeleted:":"true", "version":"1734866101742"}}
{"logTime": "1223/082024", "correlationVector":"egu23HRIec6Anxk9cGOGv9.223","action":"GetUpdates", "result":"DeleteReceived", "context":{"id":"4f3476b6-785f-47d5-a954-0eee9f8c86e0", "isDeleted:":"true", "version":"1734866105004"}}
{"logTime": "1223/082024", "correlationVector":"egu23HRIec6Anxk9cGOGv9.224","action":"GetUpdates", "result":"DeleteReceived", "context":{"id":"0a32b0c3-0c30-4872-a6cd-1562a1de9e25", "isDeleted:":"true", "version":"1734704613791"}}
{"logTime": "1223/082024", "correlationVector":"egu23HRIec6Anxk9cGOGv9.225","action":"GetUpdates Response", "result":"Success", "context":Received 250 update(s). cV=egu23HRIec6Anxk9cGOGv9.0;server=akswtt003000017;cloudType=Consumer;environment=Prod_southeastasia_prod-s01-064-apac-southeastasia;migrationStage=NotStarted Some updates remain.}
{"logTime": "1223/082024", "correlationVector":"3H/RGqjjjm9/dq9V0QSo4l","action":"Initial GetUpdates", "result":"", "context":Reason: NEWLY_SUPPORTED_DATATYPE. cV=3H/RGqjjjm9/dq9V0QSo4l}
{"logTime": "1223/082025", "correlationVector":"3H/RGqjjjm9/dq9V0QSo4l.1","action":"SyncServerConnectionManagerRequest", "result":"SYNC_SERVER_OK", "context":{"environment":"Prod_southeastasia_prod-s01-064-apac-southeastasia", "migrationStage":"NotStarted", "server":"akswtt00300003a"}}
{"logTime": "1223/082025", "correlationVector":"3H/RGqjjjm9/dq9V0QSo4l.2","action":"GetUpdates", "result":"DeleteReceived", "context":{"id":"acc678b8-d66d-44b1-b933-3106a1a29ee5", "isDeleted:":"true", "version":"1734866105005"}}
{"logTime": "1223/082025", "correlationVector":"3H/RGqjjjm9/dq9V0QSo4l.3","action":"GetUpdates", "result":"DeleteReceived", "context":{"id":"3e2aa947-b432-4bf9-850c-458680f4d57f", "isDeleted:":"true", "version":"1734867908500"}}
{"logTime": "1223/082025", "correlationVector":"3H/RGqjjjm9/dq9V0QSo4l.4","action":"GetUpdates", "result":"DeleteReceived", "context":{"id":"05542c9b-d81b-4f60-86f5-60fa105f16b8", "isDeleted:":"true", "version":"1734868249802"}}
{"logTime": "1223/082025", "correlationVector":"3H/RGqjjjm9/dq9V0QSo4l.5","action":"GetUpdates", "result":"DeleteReceived", "context":{"id":"ececf418-7355-4a58-96dd-d744fd773a1d", "isDeleted:":"true", "version":"1734868429886"}}
{"logTime": "1223/082025", "correlationVector":"3H/RGqjjjm9/dq9V0QSo4l.6","action":"GetUpdates", "result":"DeleteReceived", "context":{"id":"b7b43efc-037d-4a33-a289-95a9dfa7335b", "isDeleted:":"true", "version":"1734868668777"}}
{"logTime": "1223/082025", "correlationVector":"3H/RGqjjjm9/dq9V0QSo4l.7","action":"GetUpdates", "result":"DeleteReceived", "context":{"id":"7ca76e9a-5b04-4779-9b01-9332308b94cc", "isDeleted:":"true", "version":"1734868668778"}}
{"logTime": "1223/082025", "correlationVector":"3H/RGqjjjm9/dq9V0QSo4l.8","action":"GetUpdates", "result":"DeleteReceived", "context":{"id":"40dd04e6-2bda-4981-80ea-f4f85e6ddb29", "isDeleted:":"true", "version":"1734868668782"}}
{"logTime": "1223/082025", "correlationVector":"3H/RGqjjjm9/dq9V0QSo4l.9","action":"GetUpdates", "result":"DeleteReceived", "context":{"id":"5de67ce1-f2ec-41a1-b554-0325877cc363", "isDeleted:":"true", "version":"1734868674064"}}
{"logTime": "1223/082025", "correlationVector":"3H/RGqjjjm9/dq9V0QSo4l.10","action":"GetUpdates", "result":"DeleteReceived", "context":{"id":"db580cee-a259-49f2-86f0-ca438ea8d44b", "isDeleted:":"true", "version":"1734870515660"}}
{"logTime": "1223/082025", "correlationVector":"3H/RGqjjjm9/dq9V0QSo4l.11","action":"GetUpdates", "result":"DeleteReceived", "context":{"id":"92ce2ee1-8ef6-4a62-b19e-89386e3a2e96", "isDeleted:":"true", "version":"1734870515661"}}
{"logTime": "1223/082025", "correlationVector":"3H/RGqjjjm9/dq9V0QSo4l.12","action":"GetUpdates", "result":"DeleteReceived", "context":{"id":"861b996c-5c17-4f34-b121-f5d2b874accc", "isDeleted:":"true", "version":"1734870922488"}}
{"logTime": "1223/082025", "correlationVector":"3H/RGqjjjm9/dq9V0QSo4l.13","action":"GetUpdates", "result":"DeleteReceived", "context":{"id":"61700d7e-7cee-439c-9d52-c113068172fd", "isDeleted:":"true", "version":"1734871101138"}}
{"logTime": "1223/082025", "correlationVector":"3H/RGqjjjm9/dq9V0QSo4l.14","action":"GetUpdates", "result":"DeleteReceived", "context":{"id":"a5de4139-374b-463d-b07e-8519db6450eb", "isDeleted:":"true", "version":"1734871101139"}}
{"logTime": "1223/082025", "correlationVector":"3H/RGqjjjm9/dq9V0QSo4l.15","action":"GetUpdates", "result":"DeleteReceived", "context":{"id":"e930c010-cc03-43d6-862c-0d9dd2babd9e", "isDeleted:":"true", "version":"1734871101140"}}
{"logTime": "1223/082025", "correlationVector":"3H/RGqjjjm9/dq9V0QSo4l.16","action":"GetUpdates", "result":"DeleteReceived", "context":{"id":"66ca1762-c129-489b-857d-26a4d26fee24", "isDeleted:":"true", "version":"1734871146262"}}
{"logTime": "1223/082025", "correlationVector":"3H/RGqjjjm9/dq9V0QSo4l.17","action":"GetUpdates", "result":"DeleteReceived", "context":{"id":"6d2084a0-7377-44a5-8274-640f647b60a9", "isDeleted:":"true", "version":"1734872203539"}}
{"logTime": "1223/082025", "correlationVector":"3H/RGqjjjm9/dq9V0QSo4l.18","action":"GetUpdates", "result":"DeleteReceived", "context":{"id":"41b4a5ec-c51c-4c9c-af5b-5f5d7069583c", "isDeleted:":"true", "version":"1734872353646"}}
{"logTime": "1223/082025", "correlationVector":"3H/RGqjjjm9/dq9V0QSo4l.19","action":"GetUpdates", "result":"DeleteReceived", "context":{"id":"bb91f19f-66a2-42c6-9cf6-f170d4fd90e7", "isDeleted:":"true", "version":"1734872498344"}}
{"logTime": "1223/082025", "correlationVector":"3H/RGqjjjm9/dq9V0QSo4l.20","action":"GetUpdates", "result":"DeleteReceived", "context":{"id":"0ec2e64d-9b66-472f-869d-67a0de39d8f4", "isDeleted:":"true", "version":"1734874026304"}}
{"logTime": "1223/082025", "correlationVector":"3H/RGqjjjm9/dq9V0QSo4l.21","action":"GetUpdates", "result":"DeleteReceived", "context":{"id":"27a69559-188b-49e4-b701-0acd086a2784", "isDeleted:":"true", "version":"1734874403767"}}
{"logTime": "1223/082025", "correlationVector":"3H/RGqjjjm9/dq9V0QSo4l.22","action":"GetUpdates", "result":"DeleteReceived", "context":{"id":"0527b90d-3ae6-4d15-a653-f11c0a1bdb7b", "isDeleted:":"true", "version":"1734874442999"}}
{"logTime": "1223/082025", "correlationVector":"3H/RGqjjjm9/dq9V0QSo4l.23","action":"GetUpdates", "result":"DeleteReceived", "context":{"id":"beb3dc23-b966-48eb-a6b8-c973a894245e", "isDeleted:":"true", "version":"1734874683243"}}
{"logTime": "1223/082025", "correlationVector":"3H/RGqjjjm9/dq9V0QSo4l.24","action":"GetUpdates", "result":"DeleteReceived", "context":{"id":"477669b9-e486-4108-83d0-4aa95856023f", "isDeleted:":"true", "version":"1734875159319"}}
{"logTime": "1223/082025", "correlationVector":"3H/RGqjjjm9/dq9V0QSo4l.25","action":"GetUpdates", "result":"DeleteReceived", "context":{"id":"79b68b84-61ad-4a68-9e3b-6744bb6c532a", "isDeleted:":"true", "version":"1734875222464"}}
{"logTime": "1223/082025", "correlationVector":"3H/RGqjjjm9/dq9V0QSo4l.26","action":"GetUpdates", "result":"DeleteReceived", "context":{"id":"c708b1ef-6188-4e79-a0bb-4a72f602f472", "isDeleted:":"true", "version":"1734875340022"}}
{"logTime": "1223/082025", "correlationVector":"3H/RGqjjjm9/dq9V0QSo4l.27","action":"GetUpdates", "result":"DeleteReceived", "context":{"id":"28367fe9-96b9-4dff-9ef6-062b85a8c691", "isDeleted:":"true", "version":"1734876630932"}}
{"logTime": "1223/082025", "correlationVector":"3H/RGqjjjm9/dq9V0QSo4l.28","action":"GetUpdates", "result":"DeleteReceived", "context":{"id":"ad651cc4-e166-40ff-8220-7be1706c6cee", "isDeleted:":"true", "version":"1734876630933"}}
{"logTime": "1223/082025", "correlationVector":"3H/RGqjjjm9/dq9V0QSo4l.29","action":"GetUpdates", "result":"DeleteReceived", "context":{"id":"66c6fbf6-b45f-4cf9-aadf-72ca4d7318d7", "isDeleted:":"true", "version":"1734876630934"}}
{"logTime": "1223/082025", "correlationVector":"3H/RGqjjjm9/dq9V0QSo4l.30","action":"GetUpdates", "result":"DeleteReceived", "context":{"id":"2f9aca05-e6ee-4a88-9cac-3809ab0fdbc0", "isDeleted:":"true", "version":"1734878368867"}}
{"logTime": "1223/082025", "correlationVector":"3H/RGqjjjm9/dq9V0QSo4l.31","action":"GetUpdates", "result":"DeleteReceived", "context":{"id":"598ee0de-032b-4c52-ad91-0d3cbd1d4053", "isDeleted:":"true", "version":"1734878973843"}}
{"logTime": "1223/082025", "correlationVector":"3H/RGqjjjm9/dq9V0QSo4l.32","action":"GetUpdates", "result":"DeleteReceived", "context":{"id":"fd2b6aec-6316-492e-ae32-80ce395eacdf", "isDeleted:":"true", "version":"1734881237152"}}
{"logTime": "1223/082025", "correlationVector":"3H/RGqjjjm9/dq9V0QSo4l.33","action":"GetUpdates", "result":"DeleteReceived", "context":{"id":"2791fea6-709d-4df6-8d5d-13ec0f94d2f4", "isDeleted:":"true", "version":"1734881922931"}}
{"logTime": "1223/082025", "correlationVector":"3H/RGqjjjm9/dq9V0QSo4l.34","action":"GetUpdates", "result":"DeleteReceived", "context":{"id":"7957dd13-3f46-4934-8114-8d57c3976e27", "isDeleted:":"true", "version":"1734881951460"}}
{"logTime": "1223/082025", "correlationVector":"3H/RGqjjjm9/dq9V0QSo4l.35","action":"GetUpdates", "result":"DeleteReceived", "context":{"id":"fec66711-b8e2-40e8-8c54-f597c200035d", "isDeleted:":"true", "version":"1734882120964"}}
{"logTime": "1223/082025", "correlationVector":"3H/RGqjjjm9/dq9V0QSo4l.36","action":"GetUpdates", "result":"DeleteReceived", "context":{"id":"a0c3d0d6-b477-4964-92d8-f288c09d373a", "isDeleted:":"true", "version":"1734882461591"}}
{"logTime": "1223/082025", "correlationVector":"3H/RGqjjjm9/dq9V0QSo4l.37","action":"GetUpdates", "result":"DeleteReceived", "context":{"id":"68c9b211-52ac-4fbb-9636-a2c3b9303bdd", "isDeleted:":"true", "version":"1734882538043"}}
{"logTime": "1223/082025", "correlationVector":"3H/RGqjjjm9/dq9V0QSo4l.38","action":"GetUpdates", "result":"DeleteReceived", "context":{"id":"0a54a312-98c4-4ade-aa15-5da0ceea3c0a", "isDeleted:":"true", "version":"1734882538044"}}
{"logTime": "1223/082025", "correlationVector":"3H/RGqjjjm9/dq9V0QSo4l.39","action":"GetUpdates", "result":"DeleteReceived", "context":{"id":"b7b369da-f31a-4607-8fb4-c59c7f326884", "isDeleted:":"true", "version":"1734882613573"}}
{"logTime": "1223/082025", "correlationVector":"3H/RGqjjjm9/dq9V0QSo4l.40","action":"GetUpdates", "result":"DeleteReceived", "context":{"id":"ab74ae81-59b3-4a98-a5e6-ca3bd53623f5", "isDeleted:":"true", "version":"1734882778990"}}
{"logTime": "1223/082025", "correlationVector":"3H/RGqjjjm9/dq9V0QSo4l.41","action":"GetUpdates", "result":"DeleteReceived", "context":{"id":"848fabc9-d79c-43a4-b7d9-cab812b0a60d", "isDeleted:":"true", "version":"1734882900843"}}
{"logTime": "1223/082025", "correlationVector":"3H/RGqjjjm9/dq9V0QSo4l.42","action":"GetUpdates", "result":"DeleteReceived", "context":{"id":"0e22fff7-7d30-4b83-9e2a-5a377aa525b4", "isDeleted:":"true", "version":"1734883096382"}}
{"logTime": "1223/082025", "correlationVector":"3H/RGqjjjm9/dq9V0QSo4l.43","action":"GetUpdates", "result":"DeleteReceived", "context":{"id":"9a05edae-6a70-45c9-a3f3-5212ffe377ea", "isDeleted:":"true", "version":"1734883177740"}}
{"logTime": "1223/082025", "correlationVector":"3H/RGqjjjm9/dq9V0QSo4l.44","action":"GetUpdates", "result":"DeleteReceived", "context":{"id":"d104fbc6-2b51-4bee-9bc1-8ef9cf72e462", "isDeleted:":"true", "version":"1734883177741"}}
{"logTime": "1223/082025", "correlationVector":"3H/RGqjjjm9/dq9V0QSo4l.45","action":"GetUpdates", "result":"DeleteReceived", "context":{"id":"b136b068-7e53-4924-bcfb-084239004ad5", "isDeleted:":"true", "version":"1734883329021"}}
{"logTime": "1223/082025", "correlationVector":"3H/RGqjjjm9/dq9V0QSo4l.46","action":"GetUpdates", "result":"DeleteReceived", "context":{"id":"5972eaa7-9260-4bcf-a68d-0b2f64ff16d4", "isDeleted:":"true", "version":"1734883405271"}}
{"logTime": "1223/082025", "correlationVector":"3H/RGqjjjm9/dq9V0QSo4l.47","action":"GetUpdates", "result":"DeleteReceived", "context":{"id":"a51ba127-1ec8-496d-b5c0-a67935f4fd0c", "isDeleted:":"true", "version":"1734883518631"}}
{"logTime": "1223/082025", "correlationVector":"3H/RGqjjjm9/dq9V0QSo4l.48","action":"GetUpdates", "result":"DeleteReceived", "context":{"id":"1b76c8c5-13c0-42fb-b683-c207b8277317", "isDeleted:":"true", "version":"1734883519560"}}
{"logTime": "1223/082025", "correlationVector":"3H/RGqjjjm9/dq9V0QSo4l.49","action":"GetUpdates", "result":"DeleteReceived", "context":{"id":"ca794d3c-4398-4bf1-b4f3-b1458fe25127", "isDeleted:":"true", "version":"1734883549924"}}
{"logTime": "1223/082025", "correlationVector":"3H/RGqjjjm9/dq9V0QSo4l.50","action":"GetUpdates", "result":"DeleteReceived", "context":{"id":"21b0ac0a-928a-4377-bf01-1a58d25335e9", "isDeleted:":"true", "version":"1734883903478"}}
{"logTime": "1223/082025", "correlationVector":"3H/RGqjjjm9/dq9V0QSo4l.51","action":"GetUpdates", "result":"DeleteReceived", "context":{"id":"e38f0d0c-0833-424b-8f42-34049ed9a3c2", "isDeleted:":"true", "version":"1734883943390"}}
{"logTime": "1223/082025", "correlationVector":"3H/RGqjjjm9/dq9V0QSo4l.52","action":"GetUpdates", "result":"DeleteReceived", "context":{"id":"090152ef-646c-4308-bd76-431a114e4ea3", "isDeleted:":"true", "version":"1734884730195"}}
{"logTime": "1223/082025", "correlationVector":"3H/RGqjjjm9/dq9V0QSo4l.53","action":"GetUpdates", "result":"DeleteReceived", "context":{"id":"4ff27d7a-ab2b-4561-97c6-ae952e900191", "isDeleted:":"true", "version":"1734885079231"}}
{"logTime": "1223/082025", "correlationVector":"3H/RGqjjjm9/dq9V0QSo4l.54","action":"GetUpdates", "result":"DeleteReceived", "context":{"id":"24f068c7-a671-4639-aaea-df35f88e9aef", "isDeleted:":"true", "version":"1734886159383"}}
{"logTime": "1223/082025", "correlationVector":"3H/RGqjjjm9/dq9V0QSo4l.55","action":"GetUpdates", "result":"DeleteReceived", "context":{"id":"68a25a86-f86b-430c-82c7-dff33c7b308c", "isDeleted:":"true", "version":"1734886201770"}}
{"logTime": "1223/082025", "correlationVector":"3H/RGqjjjm9/dq9V0QSo4l.56","action":"GetUpdates", "result":"DeleteReceived", "context":{"id":"93c70d55-3230-4646-b1fa-092510cb5981", "isDeleted:":"true", "version":"1734886319217"}}
{"logTime": "1223/082025", "correlationVector":"3H/RGqjjjm9/dq9V0QSo4l.57","action":"GetUpdates", "result":"DeleteReceived", "context":{"id":"80d81170-9eef-4b67-9cd4-11023e4a1dec", "isDeleted:":"true", "version":"1734886841804"}}
{"logTime": "1223/082025", "correlationVector":"3H/RGqjjjm9/dq9V0QSo4l.58","action":"GetUpdates", "result":"DeleteReceived", "context":{"id":"ca879478-42f5-4e5f-a82f-d902b24d45e9", "isDeleted:":"true", "version":"1734887443121"}}
{"logTime": "1223/082025", "correlationVector":"3H/RGqjjjm9/dq9V0QSo4l.59","action":"GetUpdates", "result":"DeleteReceived", "context":{"id":"66017cf6-fc4e-49d2-89d7-30051df8ffe8", "isDeleted:":"true", "version":"1734889871703"}}
{"logTime": "1223/082025", "correlationVector":"3H/RGqjjjm9/dq9V0QSo4l.60","action":"GetUpdates", "result":"DeleteReceived", "context":{"id":"3a1bac2a-e937-475f-af0e-2d2735e52707", "isDeleted:":"true", "version":"1734889871704"}}
{"logTime": "1223/082025", "correlationVector":"3H/RGqjjjm9/dq9V0QSo4l.61","action":"GetUpdates", "result":"DeleteReceived", "context":{"id":"00f18ec6-95bf-422e-a924-c2e7c4c566bc", "isDeleted:":"true", "version":"1734889871705"}}
{"logTime": "1223/082025", "correlationVector":"3H/RGqjjjm9/dq9V0QSo4l.62","action":"GetUpdates", "result":"DeleteReceived", "context":{"id":"40622c1f-584a-424a-9bbe-b7fefbba2882", "isDeleted:":"true", "version":"1734889871706"}}
{"logTime": "1223/082025", "correlationVector":"3H/RGqjjjm9/dq9V0QSo4l.63","action":"GetUpdates", "result":"DeleteReceived", "context":{"id":"58dda3a1-26a5-442f-8cf4-8d4aa4d455d2", "isDeleted:":"true", "version":"1734889871707"}}
{"logTime": "1223/082025", "correlationVector":"3H/RGqjjjm9/dq9V0QSo4l.64","action":"GetUpdates", "result":"DeleteReceived", "context":{"id":"83420b5a-98f6-4f50-8c2d-26813d549343", "isDeleted:":"true", "version":"1734890030667"}}
{"logTime": "1223/082025", "correlationVector":"3H/RGqjjjm9/dq9V0QSo4l.65","action":"GetUpdates", "result":"DeleteReceived", "context":{"id":"67f8928f-0c6e-4049-af38-e625ab0c8be6", "isDeleted:":"true", "version":"1734890030669"}}
{"logTime": "1223/082025", "correlationVector":"3H/RGqjjjm9/dq9V0QSo4l.66","action":"GetUpdates", "result":"DeleteReceived", "context":{"id":"ad919bc0-0ca2-4e19-b0e7-6df434069d8b", "isDeleted:":"true", "version":"1734890030670"}}
{"logTime": "1223/082025", "correlationVector":"3H/RGqjjjm9/dq9V0QSo4l.67","action":"GetUpdates", "result":"DeleteReceived", "context":{"id":"ea4261b6-8462-487f-aeec-ccf9636b9352", "isDeleted:":"true", "version":"1734890030671"}}
{"logTime": "1223/082025", "correlationVector":"3H/RGqjjjm9/dq9V0QSo4l.68","action":"GetUpdates", "result":"DeleteReceived", "context":{"id":"e4f669eb-4e95-4274-b24c-dc5c227478e9", "isDeleted:":"true", "version":"1734890079991"}}
{"logTime": "1223/082025", "correlationVector":"3H/RGqjjjm9/dq9V0QSo4l.69","action":"GetUpdates", "result":"DeleteReceived", "context":{"id":"d15b98b3-fe1b-49d8-8acf-5366fd82450e", "isDeleted:":"true", "version":"1734890878569"}}
{"logTime": "1223/082025", "correlationVector":"3H/RGqjjjm9/dq9V0QSo4l.70","action":"GetUpdates", "result":"DeleteReceived", "context":{"id":"ac8f0426-458e-4999-91c1-381b3787db86", "isDeleted:":"true", "version":"1734890878570"}}
{"logTime": "1223/082025", "correlationVector":"3H/RGqjjjm9/dq9V0QSo4l.71","action":"GetUpdates", "result":"DeleteReceived", "context":{"id":"cf5ff130-380c-41bb-9bad-f7a33b96d14c", "isDeleted:":"true", "version":"1734932334742"}}
{"logTime": "1223/082025", "correlationVector":"3H/RGqjjjm9/dq9V0QSo4l.72","action":"GetUpdates", "result":"DeleteReceived", "context":{"id":"456275c9-dd70-451a-af89-bc9befc807d3", "isDeleted:":"true", "version":"1734933008830"}}
{"logTime": "1223/082025", "correlationVector":"3H/RGqjjjm9/dq9V0QSo4l.73","action":"GetUpdates", "result":"DeleteReceived", "context":{"id":"35bbc7e4-7353-446b-b133-30127f914cf7", "isDeleted:":"true", "version":"1734933464721"}}
{"logTime": "1223/082025", "correlationVector":"3H/RGqjjjm9/dq9V0QSo4l.74","action":"GetUpdates", "result":"DeleteReceived", "context":{"id":"a8ba395c-e041-403a-b4a5-08b59d61d02a", "isDeleted:":"true", "version":"1734934008500"}}
{"logTime": "1223/082025", "correlationVector":"3H/RGqjjjm9/dq9V0QSo4l.75","action":"GetUpdates", "result":"DeleteReceived", "context":{"id":"bc7e752b-1dc7-474c-8850-d0c44a2d78a4", "isDeleted:":"true", "version":"1734934847412"}}
{"logTime": "1223/082025", "correlationVector":"3H/RGqjjjm9/dq9V0QSo4l.76","action":"GetUpdates", "result":"DeleteReceived", "context":{"id":"16b2cea7-dde1-48db-b5b8-6ebdebc99544", "isDeleted:":"true", "version":"1734934847413"}}
{"logTime": "1223/082025", "correlationVector":"3H/RGqjjjm9/dq9V0QSo4l.77","action":"GetUpdates", "result":"DeleteReceived", "context":{"id":"ef37196e-50f4-44f6-b52a-b625096619f0", "isDeleted:":"true", "version":"1734934847416"}}
{"logTime": "1223/082025", "correlationVector":"3H/RGqjjjm9/dq9V0QSo4l.78","action":"GetUpdates", "result":"DeleteReceived", "context":{"id":"ba1e7db0-67da-492d-8563-62a14b85614f", "isDeleted:":"true", "version":"1734934941876"}}
{"logTime": "1223/082025", "correlationVector":"3H/RGqjjjm9/dq9V0QSo4l.79","action":"GetUpdates", "result":"DeleteReceived", "context":{"id":"813b637e-ab4b-48f4-a829-acbaea00abed", "isDeleted:":"true", "version":"1734938297033"}}
{"logTime": "1223/082025", "correlationVector":"3H/RGqjjjm9/dq9V0QSo4l.80","action":"GetUpdates", "result":"DeleteReceived", "context":{"id":"6d202781-4ffa-4049-940f-20cf7a20de16", "isDeleted:":"true", "version":"1734938297034"}}
{"logTime": "1223/082025", "correlationVector":"3H/RGqjjjm9/dq9V0QSo4l.81","action":"GetUpdates", "result":"DeleteReceived", "context":{"id":"03512e45-fd15-41c7-9122-4c614bb97980", "isDeleted:":"true", "version":"1734938297036"}}
{"logTime": "1223/082025", "correlationVector":"3H/RGqjjjm9/dq9V0QSo4l.82","action":"GetUpdates", "result":"DeleteReceived", "context":{"id":"c053b7c9-ea05-4610-b29e-876bce1f8dd2", "isDeleted:":"true", "version":"1734938360750"}}
{"logTime": "1223/082025", "correlationVector":"3H/RGqjjjm9/dq9V0QSo4l.83","action":"GetUpdates", "result":"DeleteReceived", "context":{"id":"1e187eef-e65d-4e49-9291-8cdf44c60130", "isDeleted:":"true", "version":"1734939497994"}}
{"logTime": "1223/082025", "correlationVector":"3H/RGqjjjm9/dq9V0QSo4l.84","action":"GetUpdates", "result":"DeleteReceived", "context":{"id":"ea630f34-2d31-4d5b-b669-057e28ce9904", "isDeleted:":"true", "version":"1734939497995"}}
{"logTime": "1223/082025", "correlationVector":"3H/RGqjjjm9/dq9V0QSo4l.85","action":"GetUpdates", "result":"DeleteReceived", "context":{"id":"db5bfa52-f4e0-4663-b29f-9af17988647e", "isDeleted:":"true", "version":"1734939497996"}}
{"logTime": "1223/082025", "correlationVector":"3H/RGqjjjm9/dq9V0QSo4l.86","action":"GetUpdates", "result":"DeleteReceived", "context":{"id":"88faceda-a7cd-42ad-af68-8ad25397cadd", "isDeleted:":"true", "version":"1734939497998"}}
{"logTime": "1223/082025", "correlationVector":"3H/RGqjjjm9/dq9V0QSo4l.87","action":"GetUpdates", "result":"DeleteReceived", "context":{"id":"f248777b-eecb-42a2-ae28-215b720aba71", "isDeleted:":"true", "version":"1734939614200"}}
{"logTime": "1223/082025", "correlationVector":"3H/RGqjjjm9/dq9V0QSo4l.88","action":"GetUpdates", "result":"DeleteReceived", "context":{"id":"cbc01290-08c7-44d4-9bc2-e48913ee18d3", "isDeleted:":"true", "version":"1734939657961"}}
{"logTime": "1223/082025", "correlationVector":"3H/RGqjjjm9/dq9V0QSo4l.89","action":"GetUpdates", "result":"DeleteReceived", "context":{"id":"00a2ebb3-0f97-40a4-83ac-b2326f53e599", "isDeleted:":"true", "version":"1734941273320"}}
{"logTime": "1223/082025", "correlationVector":"3H/RGqjjjm9/dq9V0QSo4l.90","action":"GetUpdates Response", "result":"Success", "context":Received 151 update(s). cV=3H/RGqjjjm9/dq9V0QSo4l.0;server=akswtt00300003a;cloudType=Consumer;environment=Prod_southeastasia_prod-s01-064-apac-southeastasia;migrationStage=NotStarted}
{"logTime": "1223/082025", "correlationVector":"fgo8MHe2qOUSunG2PqccG/","action":"Normal GetUpdate request", "result":"", "context":cV=fgo8MHe2qOUSunG2PqccG/
Nudged types: Preferences, Sessions, Device Info, User Consents
Refresh requested types: Bookmarks, Preferences, Passwords, Autofill Profiles, Autofill, Typed URLs, Extensions, Sessions, Extension settings, History Delete Directives, Device Info, User Consents, Send Tab To Self, Web Apps, Collection, Edge E Drop, Edge Hub App Usage, Edge Tab Group, Edge Wallet, Encryption Keys}
{"logTime": "1223/082025", "correlationVector":"fgo8MHe2qOUSunG2PqccG/.1","action":"SyncServerConnectionManagerRequest", "result":"SYNC_SERVER_OK", "context":{"environment":"Prod_southeastasia_prod-s01-064-apac-southeastasia", "migrationStage":"NotStarted", "server":"akswtt00300001s"}}
{"logTime": "1223/082025", "correlationVector":"fgo8MHe2qOUSunG2PqccG/.2","action":"GetUpdates Response", "result":"Success", "context":Received 0 update(s). cV=fgo8MHe2qOUSunG2PqccG/.0;server=akswtt00300001s;cloudType=Consumer;environment=Prod_southeastasia_prod-s01-064-apac-southeastasia;migrationStage=NotStarted}
{"logTime": "1223/082025", "correlationVector":"AoAQ3cIIlRbUfLgxN9JPU6","action":"Commit Request", "result":"", "context":Item count: 15
Contributing types: Preferences, Typed URLs, Sessions, Device Info, User Consents}
{"logTime": "1223/082026", "correlationVector":"AoAQ3cIIlRbUfLgxN9JPU6.1","action":"SyncServerConnectionManagerRequest", "result":"SYNC_SERVER_OK", "context":{"environment":"Prod_southeastasia_prod-s01-064-apac-southeastasia", "migrationStage":"NotStarted", "server":"akswtt00300000n"}}
{"logTime": "1223/082026", "correlationVector":"AoAQ3cIIlRbUfLgxN9JPU6.2","action":"Commit Response", "result":"Success", "context":Result: Success. cV=AoAQ3cIIlRbUfLgxN9JPU6.0;server=akswtt00300000n;cloudType=Consumer;environment=Prod_southeastasia_prod-s01-064-apac-southeastasia;migrationStage=NotStarted}
{"logTime": "1223/082238", "correlationVector":"eUOzXxfuIb0WVmYXeYTh0X","action":"Commit Request", "result":"", "context":Item count: 1
Contributing types: Sessions}
{"logTime": "1223/082238", "correlationVector":"eUOzXxfuIb0WVmYXeYTh0X.1","action":"SyncServerConnectionManagerRequest", "result":"SYNC_SERVER_OK", "context":{"environment":"Prod_southeastasia_prod-s01-064-apac-southeastasia", "migrationStage":"NotStarted", "server":"akswtt00300002b"}}
{"logTime": "1223/082238", "correlationVector":"eUOzXxfuIb0WVmYXeYTh0X.2","action":"Commit Response", "result":"Success", "context":Result: Success. cV=eUOzXxfuIb0WVmYXeYTh0X.0;server=akswtt00300002b;cloudType=Consumer;environment=Prod_southeastasia_prod-s01-064-apac-southeastasia;migrationStage=NotStarted}
{"logTime": "1223/082311", "correlationVector":"goj+KDnxNuIuKjkXMDsT3C","action":"Commit Request", "result":"", "context":Item count: 1
Contributing types: Sessions}
{"logTime": "1223/082311", "correlationVector":"goj+KDnxNuIuKjkXMDsT3C.1","action":"SyncServerConnectionManagerRequest", "result":"SYNC_SERVER_OK", "context":{"environment":"Prod_southeastasia_prod-s01-065-apac-southeastasia", "migrationStage":"NotStarted", "server":"akswtt00300001l"}}
{"logTime": "1223/082311", "correlationVector":"goj+KDnxNuIuKjkXMDsT3C.2","action":"Commit Response", "result":"Success", "context":Result: Success. cV=goj+KDnxNuIuKjkXMDsT3C.0;server=akswtt00300001l;cloudType=Consumer;environment=Prod_southeastasia_prod-s01-065-apac-southeastasia;migrationStage=NotStarted}
